This is pdfTeX, Version 3.14159265-2.6-1.40.21 (TeX Live 2020/Debian) (preloaded format=pdflatex 2021.4.12)  17 JUL 2021 10:14
entering extended mode
 restricted \write18 enabled.
 %&-line parsing enabled.
**bak
(./bak.tex
LaTeX2e <2020-10-01> patch level 4
L3 programming layer <2021-01-09> xparse <2020-03-03> (./kidiplom.cls
Document Class: kidiplom 2012/09/09 KI PrF UP v Olomouci Diploma Class
(/usr/share/texlive/texmf-dist/tex/latex/base/article.cls
Document Class: article 2020/04/10 v1.4m Standard LaTeX document class
(/usr/share/texlive/texmf-dist/tex/latex/base/size12.clo
File: size12.clo 2020/04/10 v1.4m Standard LaTeX file (size option)
)
\c@part=\count177
\c@section=\count178
\c@subsection=\count179
\c@subsubsection=\count180
\c@paragraph=\count181
\c@subparagraph=\count182
\c@figure=\count183
\c@table=\count184
\abovecaptionskip=\skip47
\belowcaptionskip=\skip48
\bibindent=\dimen138
)
(/usr/share/texlive/texmf-dist/tex/latex/kvoptions/kvoptions.sty
Package: kvoptions 2020-10-07 v3.14 Key value format for package options (HO)

(/usr/share/texlive/texmf-dist/tex/latex/graphics/keyval.sty
Package: keyval 2014/10/28 v1.15 key=value parser (DPC)
\KV@toks@=\toks15
)
(/usr/share/texlive/texmf-dist/tex/generic/ltxcmds/ltxcmds.sty
Package: ltxcmds 2020-05-10 v1.25 LaTeX kernel commands for general use (HO)
)
(/usr/share/texlive/texmf-dist/tex/generic/kvsetkeys/kvsetkeys.sty
Package: kvsetkeys 2019/12/15 v1.18 Key value parser (HO)
))
(./kibase.sty
Package: kibase 2012/09/09 KI PrF UP v Olomouci Base Style
 (/usr/share/texlive/texmf-dist/tex/latex/base/inputenc.sty
Package: inputenc 2020/08/01 v1.3d Input encoding file
\inpenc@prehook=\toks16
\inpenc@posthook=\toks17
)
(/usr/share/texlive/texmf-dist/tex/generic/babel/babel.sty
Package: babel 2021/01/26 3.53 The Babel package

(/usr/share/texlive/texmf-dist/tex/generic/babel/babel.def
File: babel.def 2021/01/26 3.53 Babel common definitions
\babel@savecnt=\count185
\U@D=\dimen139
\l@babelnohyphens=\language86

(/usr/share/texlive/texmf-dist/tex/generic/babel/txtbabel.def)
\bbl@readstream=\read2
)
\bbl@dirlevel=\count186

(/usr/share/texlive/texmf-dist/tex/generic/babel-czech/czech.ldf
Language: czech 2008/07/06 v3.1a Czech support from the babel system
\cs@wordlen=\count187
)
(/usr/share/texlive/texmf-dist/tex/generic/babel-english/english.ldf
Language: english 2017/06/06 v3.3r English support from the babel system
Package babel Info: \l@canadian = using hyphenrules for english
(babel)             (\language0) on input line 102.
Package babel Info: \l@australian = using hyphenrules for ukenglish
(babel)             (\language46) on input line 105.
Package babel Info: \l@newzealand = using hyphenrules for ukenglish
(babel)             (\language46) on input line 108.
)
(/usr/share/texlive/texmf-dist/tex/generic/babel-czech/czech.ldf
Language: czech 2008/07/06 v3.1a Czech support from the babel system
))
(/usr/share/texlive/texmf-dist/tex/latex/xcolor/xcolor.sty
Package: xcolor 2016/05/11 v2.12 LaTeX color extensions (UK)

(/usr/share/texlive/texmf-dist/tex/latex/graphics-cfg/color.cfg
File: color.cfg 2016/01/02 v1.6 sample color configuration
)
Package xcolor Info: Package option `usenames' ignored on input line 216.
Package xcolor Info: Driver file: pdftex.def on input line 225.

(/usr/share/texlive/texmf-dist/tex/latex/graphics-def/pdftex.def
File: pdftex.def 2020/10/05 v1.2a Graphics/color driver for pdftex
)
(/usr/share/texlive/texmf-dist/tex/latex/colortbl/colortbl.sty
Package: colortbl 2020/01/04 v1.0e Color table columns (DPC)

(/usr/share/texlive/texmf-dist/tex/latex/tools/array.sty
Package: array 2020/10/01 v2.5c Tabular extension package (FMi)
\col@sep=\dimen140
\ar@mcellbox=\box47
\extrarowheight=\dimen141
\NC@list=\toks18
\extratabsurround=\skip49
\backup@length=\skip50
\ar@cellbox=\box48
)
\everycr=\toks19
\minrowclearance=\skip51
)
\rownum=\count188
Package xcolor Info: Model `cmy' substituted by `cmy0' on input line 1348.
Package xcolor Info: Model `hsb' substituted by `rgb' on input line 1352.
Package xcolor Info: Model `RGB' extended on input line 1364.
Package xcolor Info: Model `HTML' substituted by `rgb' on input line 1366.
Package xcolor Info: Model `Hsb' substituted by `hsb' on input line 1367.
Package xcolor Info: Model `tHsb' substituted by `hsb' on input line 1368.
Package xcolor Info: Model `HSB' substituted by `hsb' on input line 1369.
Package xcolor Info: Model `Gray' substituted by `gray' on input line 1370.
Package xcolor Info: Model `wave' substituted by `hsb' on input line 1371.

(/usr/share/texlive/texmf-dist/tex/latex/graphics/dvipsnam.def
File: dvipsnam.def 2016/06/17 v3.0m Driver-dependent file (DPC,SPQR)
))
(/usr/share/texlive/texmf-dist/tex/latex/hyperref/hyperref.sty
Package: hyperref 2020-05-15 v7.00e Hypertext links for LaTeX

(/usr/share/texlive/texmf-dist/tex/generic/iftex/iftex.sty
Package: iftex 2020/03/06 v1.0d TeX engine tests
)
(/usr/share/texlive/texmf-dist/tex/generic/pdftexcmds/pdftexcmds.sty
Package: pdftexcmds 2020-06-27 v0.33 Utility functions of pdfTeX for LuaTeX (HO
)

(/usr/share/texlive/texmf-dist/tex/generic/infwarerr/infwarerr.sty
Package: infwarerr 2019/12/03 v1.5 Providing info/warning/error messages (HO)
)
Package pdftexcmds Info: \pdf@primitive is available.
Package pdftexcmds Info: \pdf@ifprimitive is available.
Package pdftexcmds Info: \pdfdraftmode found.
)
(/usr/share/texlive/texmf-dist/tex/generic/kvdefinekeys/kvdefinekeys.sty
Package: kvdefinekeys 2019-12-19 v1.6 Define keys (HO)
)
(/usr/share/texlive/texmf-dist/tex/generic/pdfescape/pdfescape.sty
Package: pdfescape 2019/12/09 v1.15 Implements pdfTeX's escape features (HO)
)
(/usr/share/texlive/texmf-dist/tex/latex/hycolor/hycolor.sty
Package: hycolor 2020-01-27 v1.10 Color options for hyperref/bookmark (HO)
)
(/usr/share/texlive/texmf-dist/tex/latex/letltxmacro/letltxmacro.sty
Package: letltxmacro 2019/12/03 v1.6 Let assignment for LaTeX macros (HO)
)
(/usr/share/texlive/texmf-dist/tex/latex/auxhook/auxhook.sty
Package: auxhook 2019-12-17 v1.6 Hooks for auxiliary files (HO)
)
\@linkdim=\dimen142
\Hy@linkcounter=\count189
\Hy@pagecounter=\count190

(/usr/share/texlive/texmf-dist/tex/latex/hyperref/pd1enc.def
File: pd1enc.def 2020-05-15 v7.00e Hyperref: PDFDocEncoding definition (HO)
Now handling font encoding PD1 ...
... no UTF-8 mapping file for font encoding PD1
)
(/usr/share/texlive/texmf-dist/tex/generic/intcalc/intcalc.sty
Package: intcalc 2019/12/15 v1.3 Expandable calculations with integers (HO)
)
(/usr/share/texlive/texmf-dist/tex/generic/etexcmds/etexcmds.sty
Package: etexcmds 2019/12/15 v1.7 Avoid name clashes with e-TeX commands (HO)
)
\Hy@SavedSpaceFactor=\count191
Package hyperref Info: Option `unicode' set `true' on input line 4338.

(/usr/share/texlive/texmf-dist/tex/latex/hyperref/puenc.def
File: puenc.def 2020-05-15 v7.00e Hyperref: PDF Unicode definition (HO)
Now handling font encoding PU ...
... no UTF-8 mapping file for font encoding PU
)
Package hyperref Info: Option `breaklinks' set `true' on input line 4338.
Package hyperref Info: Hyper figures OFF on input line 4464.
Package hyperref Info: Link nesting OFF on input line 4469.
Package hyperref Info: Hyper index ON on input line 4472.
Package hyperref Info: Plain pages OFF on input line 4479.
Package hyperref Info: Backreferencing OFF on input line 4484.
Package hyperref Info: Implicit mode ON; LaTeX internals redefined.
Package hyperref Info: Bookmarks ON on input line 4717.
\c@Hy@tempcnt=\count192

(/usr/share/texlive/texmf-dist/tex/latex/url/url.sty
\Urlmuskip=\muskip16
Package: url 2013/09/16  ver 3.4  Verb mode for urls, etc.
)
LaTeX Info: Redefining \url on input line 5076.
\XeTeXLinkMargin=\dimen143

(/usr/share/texlive/texmf-dist/tex/generic/bitset/bitset.sty
Package: bitset 2019/12/09 v1.3 Handle bit-vector datatype (HO)

(/usr/share/texlive/texmf-dist/tex/generic/bigintcalc/bigintcalc.sty
Package: bigintcalc 2019/12/15 v1.5 Expandable calculations on big integers (HO
)
))
\Fld@menulength=\count193
\Field@Width=\dimen144
\Fld@charsize=\dimen145
Package hyperref Info: Hyper figures OFF on input line 6347.
Package hyperref Info: Link nesting OFF on input line 6352.
Package hyperref Info: Hyper index ON on input line 6355.
Package hyperref Info: backreferencing OFF on input line 6362.
Package hyperref Info: Link coloring OFF on input line 6367.
Package hyperref Info: Link coloring with OCG OFF on input line 6372.
Package hyperref Info: PDF/A mode OFF on input line 6377.
LaTeX Info: Redefining \ref on input line 6417.
LaTeX Info: Redefining \pageref on input line 6421.

(/usr/share/texlive/texmf-dist/tex/latex/base/atbegshi-ltx.sty
Package: atbegshi-ltx 2020/08/17 v1.0a Emulation of the original atbegshi packa
ge
with kernel methods
)
\Hy@abspage=\count194
\c@Item=\count195
\c@Hfootnote=\count196
)
Package hyperref Info: Driver (autodetected): hpdftex.

(/usr/share/texlive/texmf-dist/tex/latex/hyperref/hpdftex.def
File: hpdftex.def 2020-05-15 v7.00e Hyperref driver for pdfTeX

(/usr/share/texlive/texmf-dist/tex/latex/base/atveryend-ltx.sty
Package: atveryend-ltx 2020/08/19 v1.0a Emulation of the original atvery packag
e
with kernel methods
)
\Fld@listcount=\count197
\c@bookmark@seq@number=\count198

(/usr/share/texlive/texmf-dist/tex/latex/rerunfilecheck/rerunfilecheck.sty
Package: rerunfilecheck 2019/12/05 v1.9 Rerun checks for auxiliary files (HO)

(/usr/share/texlive/texmf-dist/tex/generic/uniquecounter/uniquecounter.sty
Package: uniquecounter 2019/12/15 v1.4 Provide unlimited unique counter (HO)
)
Package uniquecounter Info: New unique counter `rerunfilecheck' on input line 2
86.
)
\Hy@SectionHShift=\skip52
)
(/usr/share/texlive/texmf-dist/tex/latex/bookmark/bookmark.sty
Package: bookmark 2020-11-06 v1.29 PDF bookmarks (HO)

(/usr/share/texlive/texmf-dist/tex/latex/bookmark/bkm-pdftex.def
File: bkm-pdftex.def 2020-11-06 v1.29 bookmark driver for pdfTeX (HO)
\BKM@id=\count199
))
(/usr/share/texlive/texmf-dist/tex/latex/listings/listings.sty
\lst@mode=\count266
\lst@gtempboxa=\box49
\lst@token=\toks20
\lst@length=\count267
\lst@currlwidth=\dimen146
\lst@column=\count268
\lst@pos=\count269
\lst@lostspace=\dimen147
\lst@width=\dimen148
\lst@newlines=\count270
\lst@lineno=\count271
\lst@maxwidth=\dimen149

(/usr/share/texlive/texmf-dist/tex/latex/listings/lstmisc.sty
File: lstmisc.sty 2020/03/24 1.8d (Carsten Heinz)
\c@lstnumber=\count272
\lst@skipnumbers=\count273
\lst@framebox=\box50
)
(/usr/share/texlive/texmf-dist/tex/latex/listings/listings.cfg
File: listings.cfg 2020/03/24 1.8d listings configuration
))
Package: listings 2020/03/24 1.8d (Carsten Heinz)

(/usr/share/texlive/texmf-dist/tex/generic/iftex/ifpdf.sty
Package: ifpdf 2019/10/25 v3.4 ifpdf legacy package. Use iftex instead.
)
(/usr/share/texlive/texmf-dist/tex/latex/base/ifthen.sty
Package: ifthen 2014/09/29 v1.1c Standard LaTeX ifthen package (DPC)
)
(/usr/share/texmf/tex/latex/lm/lmodern.sty
Package: lmodern 2009/10/30 v1.6 Latin Modern Fonts
LaTeX Font Info:    Overwriting symbol font `operators' in version `normal'
(Font)                  OT1/cmr/m/n --> OT1/lmr/m/n on input line 22.
LaTeX Font Info:    Overwriting symbol font `letters' in version `normal'
(Font)                  OML/cmm/m/it --> OML/lmm/m/it on input line 23.
LaTeX Font Info:    Overwriting symbol font `symbols' in version `normal'
(Font)                  OMS/cmsy/m/n --> OMS/lmsy/m/n on input line 24.
LaTeX Font Info:    Overwriting symbol font `largesymbols' in version `normal'
(Font)                  OMX/cmex/m/n --> OMX/lmex/m/n on input line 25.
LaTeX Font Info:    Overwriting symbol font `operators' in version `bold'
(Font)                  OT1/cmr/bx/n --> OT1/lmr/bx/n on input line 26.
LaTeX Font Info:    Overwriting symbol font `letters' in version `bold'
(Font)                  OML/cmm/b/it --> OML/lmm/b/it on input line 27.
LaTeX Font Info:    Overwriting symbol font `symbols' in version `bold'
(Font)                  OMS/cmsy/b/n --> OMS/lmsy/b/n on input line 28.
LaTeX Font Info:    Overwriting symbol font `largesymbols' in version `bold'
(Font)                  OMX/cmex/m/n --> OMX/lmex/m/n on input line 29.
LaTeX Font Info:    Overwriting math alphabet `\mathbf' in version `normal'
(Font)                  OT1/cmr/bx/n --> OT1/lmr/bx/n on input line 31.
LaTeX Font Info:    Overwriting math alphabet `\mathsf' in version `normal'
(Font)                  OT1/cmss/m/n --> OT1/lmss/m/n on input line 32.
LaTeX Font Info:    Overwriting math alphabet `\mathit' in version `normal'
(Font)                  OT1/cmr/m/it --> OT1/lmr/m/it on input line 33.
LaTeX Font Info:    Overwriting math alphabet `\mathtt' in version `normal'
(Font)                  OT1/cmtt/m/n --> OT1/lmtt/m/n on input line 34.
LaTeX Font Info:    Overwriting math alphabet `\mathbf' in version `bold'
(Font)                  OT1/cmr/bx/n --> OT1/lmr/bx/n on input line 35.
LaTeX Font Info:    Overwriting math alphabet `\mathsf' in version `bold'
(Font)                  OT1/cmss/bx/n --> OT1/lmss/bx/n on input line 36.
LaTeX Font Info:    Overwriting math alphabet `\mathit' in version `bold'
(Font)                  OT1/cmr/bx/it --> OT1/lmr/bx/it on input line 37.
LaTeX Font Info:    Overwriting math alphabet `\mathtt' in version `bold'
(Font)                  OT1/cmtt/m/n --> OT1/lmtt/m/n on input line 38.
)
(/usr/share/texlive/texmf-dist/tex/latex/base/fontenc.sty
Package: fontenc 2020/08/10 v2.0s Standard LaTeX package
LaTeX Font Info:    Trying to load font information for T1+lmr on input line 11
2.

(/usr/share/texmf/tex/latex/lm/t1lmr.fd
File: t1lmr.fd 2009/10/30 v1.6 Font defs for Latin Modern
))
(/usr/share/texlive/texmf-dist/tex/latex/graphics/graphicx.sty
Package: graphicx 2020/09/09 v1.2b Enhanced LaTeX Graphics (DPC,SPQR)

(/usr/share/texlive/texmf-dist/tex/latex/graphics/graphics.sty
Package: graphics 2020/08/30 v1.4c Standard LaTeX Graphics (DPC,SPQR)

(/usr/share/texlive/texmf-dist/tex/latex/graphics/trig.sty
Package: trig 2016/01/03 v1.10 sin cos tan (DPC)
)
(/usr/share/texlive/texmf-dist/tex/latex/graphics-cfg/graphics.cfg
File: graphics.cfg 2016/06/04 v1.11 sample graphics configuration
)
Package graphics Info: Driver file: pdftex.def on input line 105.
)
\Gin@req@height=\dimen150
\Gin@req@width=\dimen151
)
(/usr/share/texlive/texmf-dist/tex/latex/csquotes/csquotes.sty
Package: csquotes 2021-01-04 v5.2k context-sensitive quotations (JAW)

(/usr/share/texlive/texmf-dist/tex/latex/etoolbox/etoolbox.sty
Package: etoolbox 2020/10/05 v2.5k e-TeX tools for LaTeX (JAW)
\etb@tempcnta=\count274
)
\csq@reset=\count275
\csq@gtype=\count276
\csq@glevel=\count277
\csq@qlevel=\count278
\csq@maxlvl=\count279
\csq@tshold=\count280
\csq@ltx@everypar=\toks21

(/usr/share/texlive/texmf-dist/tex/latex/csquotes/csquotes.def
File: csquotes.def 2021-01-04 v5.2k csquotes generic definitions (JAW)
)
Package csquotes Info: Trying to load configuration file 'csquotes.cfg'...
Package csquotes Info: ... configuration file loaded successfully.

(/usr/share/texlive/texmf-dist/tex/latex/csquotes/csquotes.cfg
File: csquotes.cfg 
))
Package csquotes Info: Redefining quotation style 'czech'.
Package csquotes Info: Redefining alias 'slovak' -> 'czech'.
Package hyperref Info: Option `colorlinks' set `true' on input line 298.
Package hyperref Info: Option `linktocpage' set `true' on input line 308.
Package hyperref Info: Option `pageanchor' set `true' on input line 308.
Package hyperref Info: Option `breaklinks' set `true' on input line 308.
Package hyperref Info: Option `plainpages' set `false' on input line 308.
Package hyperref Info: Option `bookmarksnumbered' set `true' on input line 308.

Package hyperref Info: Option `hypertexnames' set `true' on input line 308.

(/usr/share/texlive/texmf-dist/tex/latex/amsmath/amsmath.sty
Package: amsmath 2020/09/23 v2.17i AMS math features
\@mathmargin=\skip53

For additional information on amsmath, use the `?' option.
(/usr/share/texlive/texmf-dist/tex/latex/amsmath/amstext.sty
Package: amstext 2000/06/29 v2.01 AMS text

(/usr/share/texlive/texmf-dist/tex/latex/amsmath/amsgen.sty
File: amsgen.sty 1999/11/30 v2.0 generic functions
\@emptytoks=\toks22
\ex@=\dimen152
))
(/usr/share/texlive/texmf-dist/tex/latex/amsmath/amsbsy.sty
Package: amsbsy 1999/11/29 v1.2d Bold Symbols
\pmbraise@=\dimen153
)
(/usr/share/texlive/texmf-dist/tex/latex/amsmath/amsopn.sty
Package: amsopn 2016/03/08 v2.02 operator names
)
\inf@bad=\count281
LaTeX Info: Redefining \frac on input line 234.
\uproot@=\count282
\leftroot@=\count283
LaTeX Info: Redefining \overline on input line 399.
\classnum@=\count284
\DOTSCASE@=\count285
LaTeX Info: Redefining \ldots on input line 496.
LaTeX Info: Redefining \dots on input line 499.
LaTeX Info: Redefining \cdots on input line 620.
\Mathstrutbox@=\box51
\strutbox@=\box52
\big@size=\dimen154
LaTeX Font Info:    Redeclaring font encoding OML on input line 743.
LaTeX Font Info:    Redeclaring font encoding OMS on input line 744.
\macc@depth=\count286
\c@MaxMatrixCols=\count287
\dotsspace@=\muskip17
\c@parentequation=\count288
\dspbrk@lvl=\count289
\tag@help=\toks23
\row@=\count290
\column@=\count291
\maxfields@=\count292
\andhelp@=\toks24
\eqnshift@=\dimen155
\alignsep@=\dimen156
\tagshift@=\dimen157
\tagwidth@=\dimen158
\totwidth@=\dimen159
\lineht@=\dimen160
\@envbody=\toks25
\multlinegap=\skip54
\multlinetaggap=\skip55
\mathdisplay@stack=\toks26
LaTeX Info: Redefining \[ on input line 2923.
LaTeX Info: Redefining \] on input line 2924.
)
(/usr/share/texlive/texmf-dist/tex/latex/amscls/amsthm.sty
Package: amsthm 2020/05/29 v2.20.6
\thm@style=\toks27
\thm@bodyfont=\toks28
\thm@headfont=\toks29
\thm@notefont=\toks30
\thm@headpunct=\toks31
\thm@preskip=\skip56
\thm@postskip=\skip57
\thm@headsep=\skip58
\dth@everypar=\toks32
)
(/usr/share/texlive/texmf-dist/tex/latex/thmtools/thmtools.sty
Package: thmtools 2020/08/01 v0.72
\thmt@toks=\toks33
\c@thmt@dummyctr=\count293

(/usr/share/texlive/texmf-dist/tex/latex/thmtools/thm-patch.sty
Package: thm-patch 2020/08/01 v0.72

(/usr/share/texlive/texmf-dist/tex/latex/thmtools/parseargs.sty
Package: parseargs 2020/08/01 v0.72
\@parsespec=\toks34
))
(/usr/share/texlive/texmf-dist/tex/latex/thmtools/thm-kv.sty
Package: thm-kv 2020/08/01 v0.72
Package thm-kv Info: Theorem names will be uppercased on input line 42.
Package thm-kv Info: kvsetkeys patch (v1.16 or later) on input line 158.
)
(/usr/share/texlive/texmf-dist/tex/latex/thmtools/thm-autoref.sty
Package: thm-autoref 2020/08/01 v0.72

(/usr/share/texlive/texmf-dist/tex/latex/thmtools/aliasctr.sty
Package: aliasctr 2020/08/01 v0.72
))
(/usr/share/texlive/texmf-dist/tex/latex/thmtools/thm-listof.sty
Package: thm-listof 2020/08/01 v0.72
)
(/usr/share/texlive/texmf-dist/tex/latex/thmtools/thm-restate.sty
Package: thm-restate 2020/08/01 v0.72
)
(/usr/share/texlive/texmf-dist/tex/latex/thmtools/thm-amsthm.sty
Package: thm-amsthm 2020/08/01 v0.72
\thmt@style@headstyle=\toks35
))
Package thmtools Info: Key `qed' (with value `\qedsymbol ')
(thmtools)             is not a known style key.
(thmtools)             Will pass this to every \declaretheorem
(thmtools)             that uses `style=kiproofstyle' on input line 590.
\c@definition=\count294
)
(/usr/share/texlive/texmf-dist/tex/latex/geometry/geometry.sty
Package: geometry 2020/01/02 v5.9 Page Geometry

(/usr/share/texlive/texmf-dist/tex/generic/iftex/ifvtex.sty
Package: ifvtex 2019/10/25 v1.7 ifvtex legacy package. Use iftex instead.
)
\Gm@cnth=\count295
\Gm@cntv=\count296
\c@Gm@tempcnt=\count297
\Gm@bindingoffset=\dimen161
\Gm@wd@mp=\dimen162
\Gm@odd@mp=\dimen163
\Gm@even@mp=\dimen164
\Gm@layoutwidth=\dimen165
\Gm@layoutheight=\dimen166
\Gm@layouthoffset=\dimen167
\Gm@layoutvoffset=\dimen168
\Gm@dimlist=\toks36
)
(/usr/share/texlive/texmf-dist/tex/latex/amsfonts/amssymb.sty
Package: amssymb 2013/01/14 v3.01 AMS font symbols

(/usr/share/texlive/texmf-dist/tex/latex/amsfonts/amsfonts.sty
Package: amsfonts 2013/01/14 v3.01 Basic AMSFonts support
\symAMSa=\mathgroup4
\symAMSb=\mathgroup5
LaTeX Font Info:    Redeclaring math symbol \hbar on input line 98.
LaTeX Font Info:    Overwriting math alphabet `\mathfrak' in version `bold'
(Font)                  U/euf/m/n --> U/euf/b/n on input line 106.
))
(/usr/share/texlive/texmf-dist/tex/latex/amsfonts/euscript.sty
Package: euscript 2009/06/22 v3.00 Euler Script fonts
LaTeX Font Info:    Overwriting math alphabet `\EuScript' in version `bold'
(Font)                  U/eus/m/n --> U/eus/b/n on input line 33.
)
(/usr/share/texlive/texmf-dist/tex/latex/tools/verbatim.sty
Package: verbatim 2020-07-07 v1.5u LaTeX2e package for verbatim enhancements
\every@verbatim=\toks37
\verbatim@line=\toks38
\verbatim@in@stream=\read3
)
(/usr/share/texlive/texmf-dist/tex/latex/tools/calc.sty
Package: calc 2017/05/25 v4.3 Infix arithmetic (KKT,FJ)
\calc@Acount=\count298
\calc@Bcount=\count299
\calc@Adimen=\dimen169
\calc@Bdimen=\dimen170
\calc@Askip=\skip59
\calc@Bskip=\skip60
LaTeX Info: Redefining \setlength on input line 80.
LaTeX Info: Redefining \addtolength on input line 81.
\calc@Ccount=\count300
\calc@Cskip=\skip61
)
(/usr/share/texlive/texmf-dist/tex/latex/fancyvrb/fancyvrb.sty
Package: fancyvrb 2021/01/20 v3.7 verbatim text (tvz,hv)
\FV@CodeLineNo=\count301
\FV@InFile=\read4
\FV@TabBox=\box53
\c@FancyVerbLine=\count302
\FV@StepNumber=\count303
\FV@OutFile=\write3
)
(/usr/share/texlive/texmf-dist/tex/latex/mdframed/mdframed.sty
Package: mdframed 2013/07/01 1.9b: mdframed

(/usr/share/texlive/texmf-dist/tex/latex/l3packages/xparse/xparse.sty
(/usr/share/texlive/texmf-dist/tex/latex/l3kernel/expl3.sty
Package: expl3 2021-01-09 L3 programming layer (loader) 

(/usr/share/texlive/texmf-dist/tex/latex/l3backend/l3backend-pdftex.def
File: l3backend-pdftex.def 2020-01-29 L3 backend support: PDF output (pdfTeX)
\l__color_backend_stack_int=\count304
\l__pdf_internal_box=\box54
))
Package: xparse 2020-10-27 L3 Experimental document command parser

(/usr/share/texlive/texmf-dist/tex/latex/l3packages/xparse/xparse-generic.tex))
(/usr/share/texlive/texmf-dist/tex/latex/zref/zref-abspage.sty
Package: zref-abspage 2020-07-03 v2.32 Module abspage for zref (HO)

(/usr/share/texlive/texmf-dist/tex/latex/zref/zref-base.sty
Package: zref-base 2020-07-03 v2.32 Module base for zref (HO)
Package zref Info: New property list: main on input line 764.
Package zref Info: New property: default on input line 765.
Package zref Info: New property: page on input line 766.
)
\c@abspage=\count305
Package zref Info: New property: abspage on input line 66.
)
(/usr/share/texlive/texmf-dist/tex/latex/needspace/needspace.sty
Package: needspace 2010/09/12 v1.3d reserve vertical space
)
\mdf@templength=\skip62
\c@mdf@globalstyle@cnt=\count306
\mdf@skipabove@length=\skip63
\mdf@skipbelow@length=\skip64
\mdf@leftmargin@length=\skip65
\mdf@rightmargin@length=\skip66
\mdf@innerleftmargin@length=\skip67
\mdf@innerrightmargin@length=\skip68
\mdf@innertopmargin@length=\skip69
\mdf@innerbottommargin@length=\skip70
\mdf@splittopskip@length=\skip71
\mdf@splitbottomskip@length=\skip72
\mdf@outermargin@length=\skip73
\mdf@innermargin@length=\skip74
\mdf@linewidth@length=\skip75
\mdf@innerlinewidth@length=\skip76
\mdf@middlelinewidth@length=\skip77
\mdf@outerlinewidth@length=\skip78
\mdf@roundcorner@length=\skip79
\mdf@footenotedistance@length=\skip80
\mdf@userdefinedwidth@length=\skip81
\mdf@needspace@length=\skip82
\mdf@frametitleaboveskip@length=\skip83
\mdf@frametitlebelowskip@length=\skip84
\mdf@frametitlerulewidth@length=\skip85
\mdf@frametitleleftmargin@length=\skip86
\mdf@frametitlerightmargin@length=\skip87
\mdf@shadowsize@length=\skip88
\mdf@extratopheight@length=\skip89
\mdf@subtitleabovelinewidth@length=\skip90
\mdf@subtitlebelowlinewidth@length=\skip91
\mdf@subtitleaboveskip@length=\skip92
\mdf@subtitlebelowskip@length=\skip93
\mdf@subtitleinneraboveskip@length=\skip94
\mdf@subtitleinnerbelowskip@length=\skip95
\mdf@subsubtitleabovelinewidth@length=\skip96
\mdf@subsubtitlebelowlinewidth@length=\skip97
\mdf@subsubtitleaboveskip@length=\skip98
\mdf@subsubtitlebelowskip@length=\skip99
\mdf@subsubtitleinneraboveskip@length=\skip100
\mdf@subsubtitleinnerbelowskip@length=\skip101

(/usr/share/texlive/texmf-dist/tex/latex/mdframed/md-frame-0.mdf
File: md-frame-0.mdf 2013/07/01\ 1.9b: md-frame-0
)
\mdf@frametitlebox=\box55
\mdf@footnotebox=\box56
\mdf@splitbox@one=\box57
\mdf@splitbox@two=\box58
\mdf@splitbox@save=\box59
\mdfsplitboxwidth=\skip102
\mdfsplitboxtotalwidth=\skip103
\mdfsplitboxheight=\skip104
\mdfsplitboxdepth=\skip105
\mdfsplitboxtotalheight=\skip106
\mdfframetitleboxwidth=\skip107
\mdfframetitleboxtotalwidth=\skip108
\mdfframetitleboxheight=\skip109
\mdfframetitleboxdepth=\skip110
\mdfframetitleboxtotalheight=\skip111
\mdffootnoteboxwidth=\skip112
\mdffootnoteboxtotalwidth=\skip113
\mdffootnoteboxheight=\skip114
\mdffootnoteboxdepth=\skip115
\mdffootnoteboxtotalheight=\skip116
\mdftotallinewidth=\skip117
\mdfboundingboxwidth=\skip118
\mdfboundingboxtotalwidth=\skip119
\mdfboundingboxheight=\skip120
\mdfboundingboxdepth=\skip121
\mdfboundingboxtotalheight=\skip122
\mdf@freevspace@length=\skip123
\mdf@horizontalwidthofbox@length=\skip124
\mdf@verticalmarginwhole@length=\skip125
\mdf@horizontalspaceofbox=\skip126
\mdfsubtitleheight=\skip127
\mdfsubsubtitleheight=\skip128
\c@mdfcountframes=\count307

****** mdframed patching \endmdf@trivlist

****** -- success******

\mdf@envdepth=\count308
\c@mdf@env@i=\count309
\c@mdf@env@ii=\count310
\c@mdf@zref@counter=\count311
Package zref Info: New property: mdf@pagevalue on input line 895.
)
(/usr/share/texlive/texmf-dist/tex/latex/mathtools/mathtools.sty
Package: mathtools 2020/03/24 v1.24 mathematical typesetting tools

(/usr/share/texlive/texmf-dist/tex/latex/mathtools/mhsetup.sty
Package: mhsetup 2017/03/31 v1.3 programming setup (MH)
)
LaTeX Info: Thecontrolsequence`\('isalreadyrobust on input line 130.
LaTeX Info: Thecontrolsequence`\)'isalreadyrobust on input line 130.
LaTeX Info: Thecontrolsequence`\['isalreadyrobust on input line 130.
LaTeX Info: Thecontrolsequence`\]'isalreadyrobust on input line 130.
\g_MT_multlinerow_int=\count312
\l_MT_multwidth_dim=\dimen171
\origjot=\skip129
\l_MT_shortvdotswithinadjustabove_dim=\dimen172
\l_MT_shortvdotswithinadjustbelow_dim=\dimen173
\l_MT_above_intertext_sep=\dimen174
\l_MT_below_intertext_sep=\dimen175
\l_MT_above_shortintertext_sep=\dimen176
\l_MT_below_shortintertext_sep=\dimen177
\xmathstrut@box=\box60
\xmathstrut@dim=\dimen178
)
(/usr/share/texlive/texmf-dist/tex/latex/scalerel/scalerel.sty
Package: scalerel 2016/12/29 v1.8 Routines for constrained scaling and stretchi
ng of objects, relative to a reference object or in absolute terms
\thesrwidth=\skip130
\thesrheight=\skip131
\srblobheight=\skip132
\srblobdepth=\skip133
\mnxsrwidth=\skip134
\LMex=\skip135
\LMpt=\skip136
)
(/usr/share/texlive/texmf-dist/tex/latex/float/float.sty
Package: float 2001/11/08 v1.3d Float enhancements (AL)
\c@float@type=\count313
\float@exts=\toks39
\float@box=\box61
\@float@everytoks=\toks40
\@floatcapt=\box62
)
(/usr/share/texlive/texmf-dist/tex/latex/base/everyshi-ltx.sty
Package: everyshi-ltx 2020/08/17 v1.0a Emulation of the original everyshi packa
ge
with kernel methods
)
(/usr/share/texlive/texmf-dist/tex/latex/totpages/totpages.sty
Package: totpages 2005/09/19 v2.00 Totpages Package (muewi)
)
(/usr/share/texlive/texmf-dist/tex/latex/breakurl/breakurl.sty
Package: breakurl 2013/04/10 v1.40 Breakable hyperref URLs

(/usr/share/texlive/texmf-dist/tex/latex/xkeyval/xkeyval.sty
Package: xkeyval 2020/11/20 v2.8 package option processing (HA)

(/usr/share/texlive/texmf-dist/tex/generic/xkeyval/xkeyval.tex
(/usr/share/texlive/texmf-dist/tex/generic/xkeyval/xkvutils.tex
\XKV@toks=\toks41
\XKV@tempa@toks=\toks42
)
\XKV@depth=\count314
File: xkeyval.tex 2014/12/03 v2.7a key=value parser (HA)
))

Package breakurl Warning: You are using breakurl while processing via pdflatex.

(breakurl)                \burl will be just a synonym of \url.
(breakurl)                 on input line 48.

) (/usr/share/texlive/texmf-dist/tex/latex/epigraph/epigraph.sty
Package: epigraph 2020/01/02 v1.5e typesetting epigraphs

(/usr/share/texlive/texmf-dist/tex/latex/nextpage/nextpage.sty
Package: nextpage 2009/09/03 v1.1a additional page commands
)
\beforeepigraphskip=\skip137
\afterepigraphskip=\skip138
\epigraphwidth=\skip139
\epigraphrule=\skip140
)
(/usr/share/texlive/texmf-dist/tex/latex/pgf/frontendlayer/tikz.sty
(/usr/share/texlive/texmf-dist/tex/latex/pgf/basiclayer/pgf.sty
(/usr/share/texlive/texmf-dist/tex/latex/pgf/utilities/pgfrcs.sty
(/usr/share/texlive/texmf-dist/tex/generic/pgf/utilities/pgfutil-common.tex
\pgfutil@everybye=\toks43
\pgfutil@tempdima=\dimen179
\pgfutil@tempdimb=\dimen180

(/usr/share/texlive/texmf-dist/tex/generic/pgf/utilities/pgfutil-common-lists.t
ex)) (/usr/share/texlive/texmf-dist/tex/generic/pgf/utilities/pgfutil-latex.def
\pgfutil@abb=\box63
) (/usr/share/texlive/texmf-dist/tex/generic/pgf/utilities/pgfrcs.code.tex
(/usr/share/texlive/texmf-dist/tex/generic/pgf/pgf.revision.tex)
Package: pgfrcs 2020/12/27 v3.1.8b (3.1.8b)
))
Package: pgf 2020/12/27 v3.1.8b (3.1.8b)

(/usr/share/texlive/texmf-dist/tex/latex/pgf/basiclayer/pgfcore.sty
(/usr/share/texlive/texmf-dist/tex/latex/pgf/systemlayer/pgfsys.sty
(/usr/share/texlive/texmf-dist/tex/generic/pgf/systemlayer/pgfsys.code.tex
Package: pgfsys 2020/12/27 v3.1.8b (3.1.8b)

(/usr/share/texlive/texmf-dist/tex/generic/pgf/utilities/pgfkeys.code.tex
\pgfkeys@pathtoks=\toks44
\pgfkeys@temptoks=\toks45

(/usr/share/texlive/texmf-dist/tex/generic/pgf/utilities/pgfkeysfiltered.code.t
ex
\pgfkeys@tmptoks=\toks46
))
\pgf@x=\dimen181
\pgf@y=\dimen182
\pgf@xa=\dimen183
\pgf@ya=\dimen184
\pgf@xb=\dimen185
\pgf@yb=\dimen186
\pgf@xc=\dimen187
\pgf@yc=\dimen188
\pgf@xd=\dimen189
\pgf@yd=\dimen190
\w@pgf@writea=\write4
\r@pgf@reada=\read5
\c@pgf@counta=\count315
\c@pgf@countb=\count316
\c@pgf@countc=\count317
\c@pgf@countd=\count318
\t@pgf@toka=\toks47
\t@pgf@tokb=\toks48
\t@pgf@tokc=\toks49
\pgf@sys@id@count=\count319
 (/usr/share/texlive/texmf-dist/tex/generic/pgf/systemlayer/pgf.cfg
File: pgf.cfg 2020/12/27 v3.1.8b (3.1.8b)
)
Driver file for pgf: pgfsys-pdftex.def

(/usr/share/texlive/texmf-dist/tex/generic/pgf/systemlayer/pgfsys-pdftex.def
File: pgfsys-pdftex.def 2020/12/27 v3.1.8b (3.1.8b)

(/usr/share/texlive/texmf-dist/tex/generic/pgf/systemlayer/pgfsys-common-pdf.de
f
File: pgfsys-common-pdf.def 2020/12/27 v3.1.8b (3.1.8b)
)))
(/usr/share/texlive/texmf-dist/tex/generic/pgf/systemlayer/pgfsyssoftpath.code.
tex
File: pgfsyssoftpath.code.tex 2020/12/27 v3.1.8b (3.1.8b)
\pgfsyssoftpath@smallbuffer@items=\count320
\pgfsyssoftpath@bigbuffer@items=\count321
)
(/usr/share/texlive/texmf-dist/tex/generic/pgf/systemlayer/pgfsysprotocol.code.
tex
File: pgfsysprotocol.code.tex 2020/12/27 v3.1.8b (3.1.8b)
))
(/usr/share/texlive/texmf-dist/tex/generic/pgf/basiclayer/pgfcore.code.tex
Package: pgfcore 2020/12/27 v3.1.8b (3.1.8b)

(/usr/share/texlive/texmf-dist/tex/generic/pgf/math/pgfmath.code.tex
(/usr/share/texlive/texmf-dist/tex/generic/pgf/math/pgfmathcalc.code.tex
(/usr/share/texlive/texmf-dist/tex/generic/pgf/math/pgfmathutil.code.tex)
(/usr/share/texlive/texmf-dist/tex/generic/pgf/math/pgfmathparser.code.tex
\pgfmath@dimen=\dimen191
\pgfmath@count=\count322
\pgfmath@box=\box64
\pgfmath@toks=\toks50
\pgfmath@stack@operand=\toks51
\pgfmath@stack@operation=\toks52
)
(/usr/share/texlive/texmf-dist/tex/generic/pgf/math/pgfmathfunctions.code.tex
(/usr/share/texlive/texmf-dist/tex/generic/pgf/math/pgfmathfunctions.basic.code
.tex)
(/usr/share/texlive/texmf-dist/tex/generic/pgf/math/pgfmathfunctions.trigonomet
ric.code.tex)
(/usr/share/texlive/texmf-dist/tex/generic/pgf/math/pgfmathfunctions.random.cod
e.tex)
(/usr/share/texlive/texmf-dist/tex/generic/pgf/math/pgfmathfunctions.comparison
.code.tex)
(/usr/share/texlive/texmf-dist/tex/generic/pgf/math/pgfmathfunctions.base.code.
tex)
(/usr/share/texlive/texmf-dist/tex/generic/pgf/math/pgfmathfunctions.round.code
.tex)
(/usr/share/texlive/texmf-dist/tex/generic/pgf/math/pgfmathfunctions.misc.code.
tex)
(/usr/share/texlive/texmf-dist/tex/generic/pgf/math/pgfmathfunctions.integerari
thmetics.code.tex)))
(/usr/share/texlive/texmf-dist/tex/generic/pgf/math/pgfmathfloat.code.tex
\c@pgfmathroundto@lastzeros=\count323
))
(/usr/share/texlive/texmf-dist/tex/generic/pgf/math/pgfint.code.tex)
(/usr/share/texlive/texmf-dist/tex/generic/pgf/basiclayer/pgfcorepoints.code.te
x
File: pgfcorepoints.code.tex 2020/12/27 v3.1.8b (3.1.8b)
\pgf@picminx=\dimen192
\pgf@picmaxx=\dimen193
\pgf@picminy=\dimen194
\pgf@picmaxy=\dimen195
\pgf@pathminx=\dimen196
\pgf@pathmaxx=\dimen197
\pgf@pathminy=\dimen198
\pgf@pathmaxy=\dimen199
\pgf@xx=\dimen256
\pgf@xy=\dimen257
\pgf@yx=\dimen258
\pgf@yy=\dimen259
\pgf@zx=\dimen260
\pgf@zy=\dimen261
)
(/usr/share/texlive/texmf-dist/tex/generic/pgf/basiclayer/pgfcorepathconstruct.
code.tex
File: pgfcorepathconstruct.code.tex 2020/12/27 v3.1.8b (3.1.8b)
\pgf@path@lastx=\dimen262
\pgf@path@lasty=\dimen263
)
(/usr/share/texlive/texmf-dist/tex/generic/pgf/basiclayer/pgfcorepathusage.code
.tex
File: pgfcorepathusage.code.tex 2020/12/27 v3.1.8b (3.1.8b)
\pgf@shorten@end@additional=\dimen264
\pgf@shorten@start@additional=\dimen265
)
(/usr/share/texlive/texmf-dist/tex/generic/pgf/basiclayer/pgfcorescopes.code.te
x
File: pgfcorescopes.code.tex 2020/12/27 v3.1.8b (3.1.8b)
\pgfpic=\box65
\pgf@hbox=\box66
\pgf@layerbox@main=\box67
\pgf@picture@serial@count=\count324
)
(/usr/share/texlive/texmf-dist/tex/generic/pgf/basiclayer/pgfcoregraphicstate.c
ode.tex
File: pgfcoregraphicstate.code.tex 2020/12/27 v3.1.8b (3.1.8b)
\pgflinewidth=\dimen266
)
(/usr/share/texlive/texmf-dist/tex/generic/pgf/basiclayer/pgfcoretransformation
s.code.tex
File: pgfcoretransformations.code.tex 2020/12/27 v3.1.8b (3.1.8b)
\pgf@pt@x=\dimen267
\pgf@pt@y=\dimen268
\pgf@pt@temp=\dimen269
)
(/usr/share/texlive/texmf-dist/tex/generic/pgf/basiclayer/pgfcorequick.code.tex
File: pgfcorequick.code.tex 2020/12/27 v3.1.8b (3.1.8b)
)
(/usr/share/texlive/texmf-dist/tex/generic/pgf/basiclayer/pgfcoreobjects.code.t
ex
File: pgfcoreobjects.code.tex 2020/12/27 v3.1.8b (3.1.8b)
)
(/usr/share/texlive/texmf-dist/tex/generic/pgf/basiclayer/pgfcorepathprocessing
.code.tex
File: pgfcorepathprocessing.code.tex 2020/12/27 v3.1.8b (3.1.8b)
)
(/usr/share/texlive/texmf-dist/tex/generic/pgf/basiclayer/pgfcorearrows.code.te
x
File: pgfcorearrows.code.tex 2020/12/27 v3.1.8b (3.1.8b)
\pgfarrowsep=\dimen270
)
(/usr/share/texlive/texmf-dist/tex/generic/pgf/basiclayer/pgfcoreshade.code.tex
File: pgfcoreshade.code.tex 2020/12/27 v3.1.8b (3.1.8b)
\pgf@max=\dimen271
\pgf@sys@shading@range@num=\count325
\pgf@shadingcount=\count326
)
(/usr/share/texlive/texmf-dist/tex/generic/pgf/basiclayer/pgfcoreimage.code.tex
File: pgfcoreimage.code.tex 2020/12/27 v3.1.8b (3.1.8b)

(/usr/share/texlive/texmf-dist/tex/generic/pgf/basiclayer/pgfcoreexternal.code.
tex
File: pgfcoreexternal.code.tex 2020/12/27 v3.1.8b (3.1.8b)
\pgfexternal@startupbox=\box68
))
(/usr/share/texlive/texmf-dist/tex/generic/pgf/basiclayer/pgfcorelayers.code.te
x
File: pgfcorelayers.code.tex 2020/12/27 v3.1.8b (3.1.8b)
)
(/usr/share/texlive/texmf-dist/tex/generic/pgf/basiclayer/pgfcoretransparency.c
ode.tex
File: pgfcoretransparency.code.tex 2020/12/27 v3.1.8b (3.1.8b)
)
(/usr/share/texlive/texmf-dist/tex/generic/pgf/basiclayer/pgfcorepatterns.code.
tex
File: pgfcorepatterns.code.tex 2020/12/27 v3.1.8b (3.1.8b)
)
(/usr/share/texlive/texmf-dist/tex/generic/pgf/basiclayer/pgfcorerdf.code.tex
File: pgfcorerdf.code.tex 2020/12/27 v3.1.8b (3.1.8b)
)))
(/usr/share/texlive/texmf-dist/tex/generic/pgf/modules/pgfmoduleshapes.code.tex
File: pgfmoduleshapes.code.tex 2020/12/27 v3.1.8b (3.1.8b)
\pgfnodeparttextbox=\box69
) (/usr/share/texlive/texmf-dist/tex/generic/pgf/modules/pgfmoduleplot.code.tex
File: pgfmoduleplot.code.tex 2020/12/27 v3.1.8b (3.1.8b)
)
(/usr/share/texlive/texmf-dist/tex/latex/pgf/compatibility/pgfcomp-version-0-65
.sty
Package: pgfcomp-version-0-65 2020/12/27 v3.1.8b (3.1.8b)
\pgf@nodesepstart=\dimen272
\pgf@nodesepend=\dimen273
)
(/usr/share/texlive/texmf-dist/tex/latex/pgf/compatibility/pgfcomp-version-1-18
.sty
Package: pgfcomp-version-1-18 2020/12/27 v3.1.8b (3.1.8b)
)) (/usr/share/texlive/texmf-dist/tex/latex/pgf/utilities/pgffor.sty
(/usr/share/texlive/texmf-dist/tex/latex/pgf/utilities/pgfkeys.sty
(/usr/share/texlive/texmf-dist/tex/generic/pgf/utilities/pgfkeys.code.tex))
(/usr/share/texlive/texmf-dist/tex/latex/pgf/math/pgfmath.sty
(/usr/share/texlive/texmf-dist/tex/generic/pgf/math/pgfmath.code.tex))
(/usr/share/texlive/texmf-dist/tex/generic/pgf/utilities/pgffor.code.tex
Package: pgffor 2020/12/27 v3.1.8b (3.1.8b)

(/usr/share/texlive/texmf-dist/tex/generic/pgf/math/pgfmath.code.tex)
\pgffor@iter=\dimen274
\pgffor@skip=\dimen275
\pgffor@stack=\toks53
\pgffor@toks=\toks54
))
(/usr/share/texlive/texmf-dist/tex/generic/pgf/frontendlayer/tikz/tikz.code.tex
Package: tikz 2020/12/27 v3.1.8b (3.1.8b)

(/usr/share/texlive/texmf-dist/tex/generic/pgf/libraries/pgflibraryplothandlers
.code.tex
File: pgflibraryplothandlers.code.tex 2020/12/27 v3.1.8b (3.1.8b)
\pgf@plot@mark@count=\count327
\pgfplotmarksize=\dimen276
)
\tikz@lastx=\dimen277
\tikz@lasty=\dimen278
\tikz@lastxsaved=\dimen279
\tikz@lastysaved=\dimen280
\tikz@lastmovetox=\dimen281
\tikz@lastmovetoy=\dimen282
\tikzleveldistance=\dimen283
\tikzsiblingdistance=\dimen284
\tikz@figbox=\box70
\tikz@figbox@bg=\box71
\tikz@tempbox=\box72
\tikz@tempbox@bg=\box73
\tikztreelevel=\count328
\tikznumberofchildren=\count329
\tikznumberofcurrentchild=\count330
\tikz@fig@count=\count331

(/usr/share/texlive/texmf-dist/tex/generic/pgf/modules/pgfmodulematrix.code.tex
File: pgfmodulematrix.code.tex 2020/12/27 v3.1.8b (3.1.8b)
\pgfmatrixcurrentrow=\count332
\pgfmatrixcurrentcolumn=\count333
\pgf@matrix@numberofcolumns=\count334
)
\tikz@expandcount=\count335

(/usr/share/texlive/texmf-dist/tex/generic/pgf/frontendlayer/tikz/libraries/tik
zlibrarytopaths.code.tex
File: tikzlibrarytopaths.code.tex 2020/12/27 v3.1.8b (3.1.8b)
)))
(/usr/share/texlive/texmf-dist/tex/latex/placeins/placeins.sty
Package: placeins 2005/04/18  v 2.2
)
(/usr/share/texlive/texmf-dist/tex/generic/soul/soul.sty
Package: soul 2003/11/17 v2.4 letterspacing/underlining (mf)
\SOUL@word=\toks55
\SOUL@lasttoken=\toks56
\SOUL@cmds=\toks57
\SOUL@buffer=\toks58
\SOUL@token=\toks59
\SOUL@spaceskip=\skip141
\SOUL@ttwidth=\dimen285
\SOUL@uldp=\dimen286
\SOUL@ulht=\dimen287
)
(/usr/share/texlive/texmf-dist/tex/latex/upquote/upquote.sty
Package: upquote 2012/04/19 v1.3 upright-quote and grave-accent glyphs in verba
tim

(/usr/share/texlive/texmf-dist/tex/latex/base/textcomp.sty
Package: textcomp 2020/02/02 v2.0n Standard LaTeX package
))
(/usr/share/texlive/texmf-dist/tex/latex/multirow/multirow.sty
Package: multirow 2021/01/29 v2.7 Span multiple rows of a table
\multirow@colwidth=\skip142
\multirow@cntb=\count336
\multirow@dima=\skip143
\bigstrutjot=\dimen288
)
(/usr/share/texlive/texmf-dist/tex/latex/biblatex/biblatex.sty
Package: biblatex 2020/12/31 v3.16 programmable bibliographies (PK/MW)

(/usr/share/texlive/texmf-dist/tex/latex/logreq/logreq.sty
Package: logreq 2010/08/04 v1.0 xml request logger
\lrq@indent=\count337

(/usr/share/texlive/texmf-dist/tex/latex/logreq/logreq.def
File: logreq.def 2010/08/04 v1.0 logreq spec v1.0
))
\c@tabx@nest=\count338
\c@listtotal=\count339
\c@listcount=\count340
\c@liststart=\count341
\c@liststop=\count342
\c@citecount=\count343
\c@citetotal=\count344
\c@multicitecount=\count345
\c@multicitetotal=\count346
\c@instcount=\count347
\c@maxnames=\count348
\c@minnames=\count349
\c@maxitems=\count350
\c@minitems=\count351
\c@citecounter=\count352
\c@maxcitecounter=\count353
\c@savedcitecounter=\count354
\c@uniquelist=\count355
\c@uniquename=\count356
\c@refsection=\count357
\c@refsegment=\count358
\c@maxextratitle=\count359
\c@maxextratitleyear=\count360
\c@maxextraname=\count361
\c@maxextradate=\count362
\c@maxextraalpha=\count363
\c@abbrvpenalty=\count364
\c@highnamepenalty=\count365
\c@lownamepenalty=\count366
\c@maxparens=\count367
\c@parenlevel=\count368
\blx@tempcnta=\count369
\blx@tempcntb=\count370
\blx@tempcntc=\count371
\blx@maxsection=\count372
\blx@maxsegment@0=\count373
\blx@notetype=\count374
\blx@parenlevel@text=\count375
\blx@parenlevel@foot=\count376
\blx@sectionciteorder@0=\count377
\blx@entrysetcounter=\count378
\blx@biblioinstance=\count379
\labelnumberwidth=\skip144
\labelalphawidth=\skip145
\biblabelsep=\skip146
\bibitemsep=\skip147
\bibnamesep=\skip148
\bibinitsep=\skip149
\bibparsep=\skip150
\bibhang=\skip151
\blx@bcfin=\read6
\blx@bcfout=\write5
\blx@langwohyphens=\language87
\c@mincomprange=\count380
\c@maxcomprange=\count381
\c@mincompwidth=\count382
Package biblatex Info: Trying to load biblatex default data model...
Package biblatex Info: ... file 'blx-dm.def' found.

(/usr/share/texlive/texmf-dist/tex/latex/biblatex/blx-dm.def
File: blx-dm.def 2020/12/31 v3.16 biblatex localization (PK/MW)
)
Package biblatex Info: Trying to load biblatex style data model...
Package biblatex Info: ... file 'iso-numeric.dbx' found.

(/usr/share/texlive/texmf-dist/tex/latex/biblatex-iso690/iso-numeric.dbx
File: iso-numeric.dbx 2020/03/25 v0.4.0 ISO 690 biblatex data model extension
)
Package biblatex Info: Trying to load biblatex custom data model...
Package biblatex Info: ... file 'biblatex-dm.cfg' not found.
\c@afterword=\count383
\c@savedafterword=\count384
\c@annotator=\count385
\c@savedannotator=\count386
\c@author=\count387
\c@savedauthor=\count388
\c@bookauthor=\count389
\c@savedbookauthor=\count390
\c@commentator=\count391
\c@savedcommentator=\count392
\c@editor=\count393
\c@savededitor=\count394
\c@editora=\count395
\c@savededitora=\count396
\c@editorb=\count397
\c@savededitorb=\count398
\c@editorc=\count399
\c@savededitorc=\count400
\c@foreword=\count401
\c@savedforeword=\count402
\c@holder=\count403
\c@savedholder=\count404
\c@introduction=\count405
\c@savedintroduction=\count406
\c@namea=\count407
\c@savednamea=\count408
\c@nameb=\count409
\c@savednameb=\count410
\c@namec=\count411
\c@savednamec=\count412
\c@translator=\count413
\c@savedtranslator=\count414
\c@shortauthor=\count415
\c@savedshortauthor=\count416
\c@shorteditor=\count417
\c@savedshorteditor=\count418
\c@supervisor=\count419
\c@savedsupervisor=\count420
\c@labelname=\count421
\c@savedlabelname=\count422
\c@institution=\count423
\c@savedinstitution=\count424
\c@lista=\count425
\c@savedlista=\count426
\c@listb=\count427
\c@savedlistb=\count428
\c@listc=\count429
\c@savedlistc=\count430
\c@listd=\count431
\c@savedlistd=\count432
\c@liste=\count433
\c@savedliste=\count434
\c@listf=\count435
\c@savedlistf=\count436
\c@location=\count437
\c@savedlocation=\count438
\c@organization=\count439
\c@savedorganization=\count440
\c@origlocation=\count441
\c@savedoriglocation=\count442
\c@origpublisher=\count443
\c@savedorigpublisher=\count444
\c@publisher=\count445
\c@savedpublisher=\count446
\c@language=\count447
\c@savedlanguage=\count448
\c@origlanguage=\count449
\c@savedoriglanguage=\count450
\c@pageref=\count451
\c@savedpageref=\count452
\shorthandwidth=\skip152
\shortjournalwidth=\skip153
\shortserieswidth=\skip154
\shorttitlewidth=\skip155
\shortauthorwidth=\skip156
\shorteditorwidth=\skip157
\locallabelnumberwidth=\skip158
\locallabelalphawidth=\skip159
\localshorthandwidth=\skip160
\localshortjournalwidth=\skip161
\localshortserieswidth=\skip162
\localshorttitlewidth=\skip163
\localshortauthorwidth=\skip164
\localshorteditorwidth=\skip165
Package biblatex Info: Trying to load compatibility code...
Package biblatex Info: ... file 'blx-compat.def' found.

(/usr/share/texlive/texmf-dist/tex/latex/biblatex/blx-compat.def
File: blx-compat.def 2020/12/31 v3.16 biblatex compatibility (PK/MW)
)
Package biblatex Info: Trying to load generic definitions...
Package biblatex Info: ... file 'biblatex.def' found.

(/usr/share/texlive/texmf-dist/tex/latex/biblatex/biblatex.def
File: biblatex.def 2020/12/31 v3.16 biblatex compatibility (PK/MW)
\c@textcitecount=\count453
\c@textcitetotal=\count454
\c@textcitemaxnames=\count455
\c@biburlbigbreakpenalty=\count456
\c@biburlbreakpenalty=\count457
\c@biburlnumpenalty=\count458
\c@biburlucpenalty=\count459
\c@biburllcpenalty=\count460
\biburlbigskip=\muskip18
\biburlnumskip=\muskip19
\biburlucskip=\muskip20
\biburllcskip=\muskip21
\c@smartand=\count461
)
Package biblatex Info: Trying to load bibliography style 'iso-numeric'...
Package biblatex Info: ... file 'iso-numeric.bbx' found.

(/usr/share/texlive/texmf-dist/tex/latex/biblatex-iso690/iso-numeric.bbx
File: iso-numeric.bbx 2020/03/25 v0.4.0 ISO 690 biblatex bibliography style
Package biblatex Info: Trying to load bibliography style 'iso'...
Package biblatex Info: ... file 'iso.bbx' found.

(/usr/share/texlive/texmf-dist/tex/latex/biblatex-iso690/iso.bbx
File: iso.bbx 2020/03/25 v0.4.0 ISO 690 biblatex bibliography style
Package biblatex-iso690 Info: Space colon enabled: false.
Package biblatex-iso690 Info: Total pages enabled: false.
Package biblatex-iso690 Info: Short numeration enabled: false.
Package biblatex-iso690 Info: Printing thesis info at the end enabled: true.
Package biblatex-iso690 Info: URL field enabled: true.
Package biblatex-iso690 Info: ISBN field enabled: true.
Package biblatex-iso690 Info: DOI field enabled: true.
Package biblatex-iso690 Info: eprint field enabled: true.
Package biblatex-iso690 Info: Article publication info enabled: false.
Package biblatex Info: Delimiter 'multinamedelim' in context '' already defined
, overwriting.
Package biblatex Info: Delimiter 'finalnamedelim' in context '' already defined
, overwriting.
Package biblatex Info: Delimiter 'editortypedelim' in context '' already define
d, overwriting.
Package biblatex Info: Delimiter 'authortypedelim' in context '' already define
d, overwriting.
))
Package biblatex Info: Trying to load citation style 'iso-numeric'...
Package biblatex Info: ... file 'iso-numeric.cbx' found.

(/usr/share/texlive/texmf-dist/tex/latex/biblatex-iso690/iso-numeric.cbx
File: iso-numeric.cbx 2020/03/25 v0.4.0 ISO 690 biblatex citation style
Package biblatex Info: Trying to load citation style 'numeric'...
Package biblatex Info: ... file 'numeric.cbx' found.

(/usr/share/texlive/texmf-dist/tex/latex/biblatex/cbx/numeric.cbx
File: numeric.cbx 2020/12/31 v3.16 biblatex citation style (PK/MW)
Package biblatex Info: Redefining '\cite'.
Package biblatex Info: Redefining '\parencite'.
Package biblatex Info: Redefining '\footcite'.
Package biblatex Info: Redefining '\footcitetext'.
Package biblatex Info: Redefining '\smartcite'.
Package biblatex Info: Redefining '\supercite'.
Package biblatex Info: Redefining '\textcite'.
Package biblatex Info: Redefining '\textcites'.
Package biblatex Info: Redefining '\cites'.
Package biblatex Info: Redefining '\parencites'.
Package biblatex Info: Redefining '\smartcites'.
)
Package biblatex Info: Trying to load citation style 'iso-fullcite'...
Package biblatex Info: ... file 'iso-fullcite.cbx' found.

(/usr/share/texlive/texmf-dist/tex/latex/biblatex-iso690/iso-fullcite.cbx
File: iso-fullcite.cbx 2020/03/25 v0.4.0 ISO 690 biblatex fullcite modification
s
Package biblatex Info: Redefining '\fullcite'.
Package biblatex Info: Redefining '\footfullcite'.
)
Package biblatex Info: Redefining '\parencite'.
)
Package biblatex Info: Trying to load configuration file...
Package biblatex Info: ... file 'biblatex.cfg' found.

(/usr/share/texlive/texmf-dist/tex/latex/biblatex/biblatex.cfg
File: biblatex.cfg 
)))
\c@lispcodecnt=\count462
\c@lispcodethm=\count463
\c@lispcodetest=\count464
Package csquotes Info: Checking for multilingual support...
Package csquotes Info: ... found 'babel' package.
Package csquotes Info: Enabling multilingual quotes.
 (./bak.aux)
\openout1 = `bak.aux'.

LaTeX Font Info:    Checking defaults for OML/cmm/m/it on input line 107.
LaTeX Font Info:    ... okay on input line 107.
LaTeX Font Info:    Checking defaults for OMS/cmsy/m/n on input line 107.
LaTeX Font Info:    ... okay on input line 107.
LaTeX Font Info:    Checking defaults for OT1/cmr/m/n on input line 107.
LaTeX Font Info:    ... okay on input line 107.
LaTeX Font Info:    Checking defaults for T1/cmr/m/n on input line 107.
LaTeX Font Info:    ... okay on input line 107.
LaTeX Font Info:    Checking defaults for TS1/cmr/m/n on input line 107.
LaTeX Font Info:    ... okay on input line 107.
LaTeX Font Info:    Checking defaults for OMX/cmex/m/n on input line 107.
LaTeX Font Info:    ... okay on input line 107.
LaTeX Font Info:    Checking defaults for U/cmr/m/n on input line 107.
LaTeX Font Info:    ... okay on input line 107.
LaTeX Font Info:    Checking defaults for PD1/pdf/m/n on input line 107.
LaTeX Font Info:    ... okay on input line 107.
LaTeX Font Info:    Checking defaults for PU/pdf/m/n on input line 107.
LaTeX Font Info:    ... okay on input line 107.

(/usr/share/texlive/texmf-dist/tex/context/base/mkii/supp-pdf.mkii
[Loading MPS to PDF converter (version 2006.09.02).]
\scratchcounter=\count465
\scratchdimen=\dimen289
\scratchbox=\box74
\nofMPsegments=\count466
\nofMParguments=\count467
\everyMPshowfont=\toks60
\MPscratchCnt=\count468
\MPscratchDim=\dimen290
\MPnumerator=\count469
\makeMPintoPDFobject=\count470
\everyMPtoPDFconversion=\toks61
) (/usr/share/texlive/texmf-dist/tex/latex/epstopdf-pkg/epstopdf-base.sty
Package: epstopdf-base 2020-01-24 v2.11 Base part for package epstopdf

(/usr/share/texlive/texmf-dist/tex/latex/grfext/grfext.sty
Package: grfext 2019/12/03 v1.3 Manage graphics extensions (HO)
)
Package epstopdf-base Info: Redefining graphics rule for `.eps' on input line 4
85.
Package grfext Info: Graphics extension search list:
(grfext)             [.pdf,.png,.jpg,.mps,.jpeg,.jbig2,.jb2,.PDF,.PNG,.JPG,.JPE
G,.JBIG2,.JB2,.eps]
(grfext)             \AppendGraphicsExtensions on input line 504.

(/usr/share/texlive/texmf-dist/tex/latex/latexconfig/epstopdf-sys.cfg
File: epstopdf-sys.cfg 2010/07/13 v1.3 Configuration of (r)epstopdf for TeX Liv
e
))
Package hyperref Info: Link coloring ON on input line 107.

(/usr/share/texlive/texmf-dist/tex/latex/hyperref/nameref.sty
Package: nameref 2019/09/16 v2.46 Cross-referencing by name of section

(/usr/share/texlive/texmf-dist/tex/latex/refcount/refcount.sty
Package: refcount 2019/12/15 v3.6 Data extraction from label references (HO)
)
(/usr/share/texlive/texmf-dist/tex/generic/gettitlestring/gettitlestring.sty
Package: gettitlestring 2019/12/15 v1.6 Cleanup title references (HO)
)
\c@section@level=\count471
)
LaTeX Info: Redefining \ref on input line 107.
LaTeX Info: Redefining \pageref on input line 107.
LaTeX Info: Redefining \nameref on input line 107.
\c@lstlisting=\count472

*geometry* detected driver: pdftex
*geometry* verbose mode - [ preamble ] result:
* driver: pdftex
* paper: a4paper
* layout: <same size as paper>
* layoutoffset:(h,v)=(0.0pt,0.0pt)
* modes: 
* h-part:(L,W,R)=(113.81102pt, 409.50119pt, 74.19566pt)
* v-part:(T,H,B)=(99.58464pt, 645.87756pt, 99.58464pt)
* \paperwidth=597.50787pt
* \paperheight=845.04684pt
* \textwidth=409.50119pt
* \textheight=645.87756pt
* \oddsidemargin=41.54103pt
* \evensidemargin=41.54103pt
* \topmargin=-9.68535pt
* \headheight=12.0pt
* \headsep=25.0pt
* \topskip=12.0pt
* \footskip=30.0pt
* \marginparwidth=44.0pt
* \marginparsep=10.0pt
* \columnsep=10.0pt
* \skip\footins=10.8pt plus 4.0pt minus 2.0pt
* \hoffset=0.0pt
* \voffset=0.0pt
* \mag=1000
* \@twocolumnfalse
* \@twosidefalse
* \@mparswitchfalse
* \@reversemarginfalse
* (1in=72.27pt=25.4mm, 1cm=28.453pt)

Package biblatex Info: Trying to load language 'czech' -> 'czech-iso'...
Package biblatex Info: ... file 'czech-iso.lbx' found.
(/usr/share/texlive/texmf-dist/tex/latex/biblatex-iso690/czech-iso.lbx
File: czech-iso.lbx 2020/03/25 v0.4.0 ISO 690 extended biblatex localization
Package biblatex Info: Trying to load language 'czech'...
Package biblatex Info: ... file 'czech.lbx' found.

(/usr/share/texlive/texmf-dist/tex/latex/biblatex/lbx/czech.lbx
File: czech.lbx 2020/12/31 v3.16 biblatex localization (PK/MW)
)
Package biblatex Info: Trying to load language 'czech'...
Package biblatex Info: ... file 'czech.lbx' found.

(/usr/share/texlive/texmf-dist/tex/latex/biblatex/lbx/czech.lbx
File: czech.lbx 2020/12/31 v3.16 biblatex localization (PK/MW)
))
Package biblatex Info: Trying to load language 'english' -> 'english-iso'...
Package biblatex Info: ... file 'english-iso.lbx' found.

(/usr/share/texlive/texmf-dist/tex/latex/biblatex-iso690/english-iso.lbx
File: english-iso.lbx 2020/03/25 v0.4.0 ISO 690 extended biblatex localization
Package biblatex Info: Trying to load language 'english'...
Package biblatex Info: ... file 'english.lbx' found.

(/usr/share/texlive/texmf-dist/tex/latex/biblatex/lbx/english.lbx
File: english.lbx 2020/12/31 v3.16 biblatex localization (PK/MW)
)
Package biblatex Info: Trying to load language 'english'...
Package biblatex Info: ... file 'english.lbx' found.

(/usr/share/texlive/texmf-dist/tex/latex/biblatex/lbx/english.lbx
File: english.lbx 2020/12/31 v3.16 biblatex localization (PK/MW)
))
Package biblatex Info: Input encoding 'utf8' detected.
Package biblatex Info: Automatic encoding selection.
(biblatex)             Assuming data encoding 'utf8'.
Package biblatex Info: Document encoding is UTF8 ....
Package biblatex Info: ... and expl3
(biblatex)             2021-01-09 L3 programming layer (loader) 
(biblatex)             is new enough (at least 2020/04/06),
(biblatex)             setting 'casechanger=expl3'.

(/usr/share/texlive/texmf-dist/tex/latex/biblatex/blx-case-expl3.sty
Package: blx-case-expl3 2020/12/31 v3.16 expl3 case changing code for biblatex
)
\openout5 = `bak.bcf'.

Package biblatex Info: Trying to load bibliographic data...
Package biblatex Info: ... file 'bak.bbl' found.

(./bak.bbl)
Package biblatex Info: Reference section=0 on input line 107.
Package biblatex Info: Reference segment=0 on input line 107.
<graphics/kititle-cz-nofont.pdf, id=7, 375.4025pt x 72.27pt>
File: graphics/kititle-cz-nofont.pdf Graphic file (type pdf)
<use graphics/kititle-cz-nofont.pdf>
Package pdftex.def Info: graphics/kititle-cz-nofont.pdf  used on input line 109
.
(pdftex.def)             Requested size: 225.24323pt x 43.36232pt.
<graphics/UP_znak.pdf, id=8, 101.59215pt x 101.59215pt>
File: graphics/UP_znak.pdf Graphic file (type pdf)
<use graphics/UP_znak.pdf>
Package pdftex.def Info: graphics/UP_znak.pdf  used on input line 109.
(pdftex.def)             Requested size: 101.59187pt x 101.59187pt.
LaTeX Font Info:    Trying to load font information for OT1+lmr on input line 1
09.
 (/usr/share/texmf/tex/latex/lm/ot1lmr.fd
File: ot1lmr.fd 2009/10/30 v1.6 Font defs for Latin Modern
)
LaTeX Font Info:    Trying to load font information for OML+lmm on input line 1
09.

(/usr/share/texmf/tex/latex/lm/omllmm.fd
File: omllmm.fd 2009/10/30 v1.6 Font defs for Latin Modern
)
LaTeX Font Info:    Trying to load font information for OMS+lmsy on input line 
109.

(/usr/share/texmf/tex/latex/lm/omslmsy.fd
File: omslmsy.fd 2009/10/30 v1.6 Font defs for Latin Modern
)
LaTeX Font Info:    Trying to load font information for OMX+lmex on input line 
109.

(/usr/share/texmf/tex/latex/lm/omxlmex.fd
File: omxlmex.fd 2009/10/30 v1.6 Font defs for Latin Modern
)
LaTeX Font Info:    External font `lmex10' loaded for size
(Font)              <12> on input line 109.
LaTeX Font Info:    External font `lmex10' loaded for size
(Font)              <8> on input line 109.
LaTeX Font Info:    External font `lmex10' loaded for size
(Font)              <6> on input line 109.
LaTeX Font Info:    Trying to load font information for U+msa on input line 109
.

(/usr/share/texlive/texmf-dist/tex/latex/amsfonts/umsa.fd
File: umsa.fd 2013/01/14 v3.01 AMS symbols A
)
LaTeX Font Info:    Trying to load font information for U+msb on input line 109
.

(/usr/share/texlive/texmf-dist/tex/latex/amsfonts/umsb.fd
File: umsb.fd 2013/01/14 v3.01 AMS symbols B
) [1.1

{/var/lib/texmf/fonts/map/pdftex/updmap/pdftex.map} <./graphics/kititle-cz-nofo
nt.pdf> <./graphics/UP_znak.pdf>]
LaTeX Font Info:    External font `lmex10' loaded for size
(Font)              <10.95> on input line 109.
 [2.2] [3.3

] [4.4

] (./bak.toc [5.5

] [6.6])
\tf@toc=\write6
\openout6 = `bak.toc'.

 (./bak.lot
LaTeX Font Info:    Trying to load font information for T1+lmtt on input line 1
4.

(/usr/share/texmf/tex/latex/lm/t1lmtt.fd
File: t1lmtt.fd 2009/10/30 v1.6 Font defs for Latin Modern
))
\tf@lot=\write7
\openout7 = `bak.lot'.

 (./bak.lof)
\tf@lof=\write8
\openout8 = `bak.lof'.

 [7.7]
showing definition
(./bak.loe) [8.8

]
showing fact
(./bak.loe)
showing theorem
showing lemma
(./bak.loe) [9.9

]
showing lispcodethm
(./bak.loe)
showing lispcodetest
(./bak.loe [10.10

])
showing example
showing consequence
showing hypothesis
showing remark
showing remind
showing observe
showing convention
(./bak.loe) [11.11] (./uvod.tex)
Overfull \hbox (13.49913pt too wide) in paragraph at lines 10--112
[]
 []


Underfull \hbox (badness 10000) in paragraph at lines 10--112

 []

[1.12

] (./cisla.tex
Package hyperref Info: bookmark level for unknown definition defaults to 0 on i
nput line 3.
 [2.13]
Package hyperref Info: bookmark level for unknown example defaults to 0 on inpu
t line 21.
Package hyperref Info: bookmark level for unknown remark defaults to 0 on input
 line 44.
LaTeX Font Info:    Trying to load font information for TS1+lmr on input line 5
0.
 (/usr/share/texmf/tex/latex/lm/ts1lmr.fd
File: ts1lmr.fd 2009/10/30 v1.6 Font defs for Latin Modern
) [3.14]
[4.15] [5.16]
Package mdframed Info: mdframed detected package amsthm 
changed the theorem header of amsthm
(mdframed)              on input line 124.
Package mdframed Info: mdframed inside float 
 mdframed uses option nobreak mdframed on input line 139.
Package mdframed Info: mdframed inside a box 
 mdframed uses option nobreak mdframed on input line 139.
 [6.17]
Package mdframed Info: mdframed detected package amsthm 
changed the theorem header of amsthm
(mdframed)              on input line 147.
Package mdframed Info: mdframed inside float 
 mdframed uses option nobreak mdframed on input line 163.
Package mdframed Info: mdframed inside a box 
 mdframed uses option nobreak mdframed on input line 163.
LaTeX Font Info:    External font `lmex10' loaded for size
(Font)              <24.88> on input line 180.
LaTeX Font Info:    External font `lmex10' loaded for size
(Font)              <20.74> on input line 180.
LaTeX Font Info:    External font `lmex10' loaded for size
(Font)              <17.28> on input line 180.
LaTeX Font Info:    External font `lmex10' loaded for size
(Font)              <14.4> on input line 180.
LaTeX Font Info:    External font `lmex10' loaded for size
(Font)              <10> on input line 180.
LaTeX Font Info:    External font `lmex10' loaded for size
(Font)              <7> on input line 180.
LaTeX Font Info:    External font `lmex10' loaded for size
(Font)              <5> on input line 180.
 [7.18pdfTeX warning (ext4): destination with the same identifier (name{table.1
}) has been already used, duplicate ignored
<argument> ...shipout:D \box_use:N \l_shipout_box 
                                                  
l.181 \begin{equation}
                      pdfTeX warning (ext4): destination with the same identifi
er (name{table.2}) has been already used, duplicate ignored
<argument> ...shipout:D \box_use:N \l_shipout_box 
                                                  
l.181 \begin{equation}
                      ] [8.19] [9.20]
Overfull \hbox (9.25276pt too wide) in paragraph at lines 253--254
[]\T1/lmr/m/it/12 Je-li $\OML/lmm/m/it/12 x[] \OT1/lmr/m/n/12 = 0$\T1/lmr/m/it/
12 , mlu-vme o Mac-lau-ri-nov ad funkce $\OML/lmm/m/it/12 f$ \T1/lmr/m/it/1
2 a je ve tvaru $[][] []\OML/lmm/m/it/12 x[]$\T1/lmr/m/it/12 . 
 []

Package hyperref Info: bookmark level for unknown fact defaults to 0 on input l
ine 265.
) [10.21] (./cisla_v_pocitaci.tex [11.22

]
Package mdframed Info: mdframed detected package amsthm 
changed the theorem header of amsthm
(mdframed)              on input line 32.
<graphics/float.png, id=757, 440.6061pt x 57.69556pt>
File: graphics/float.png Graphic file (type png)
<use graphics/float.png>
Package pdftex.def Info: graphics/float.png  used on input line 34.
(pdftex.def)             Requested size: 388.7012pt x 50.89989pt.
Package mdframed Info: mdframed inside float 
 mdframed uses option nobreak mdframed on input line 36.
Package mdframed Info: mdframed inside a box 
 mdframed uses option nobreak mdframed on input line 36.
Package mdframed Info: mdframed detected package amsthm 
changed the theorem header of amsthm
(mdframed)              on input line 47.
<./graphics/uinty.png, id=759, 788.9475pt x 300.12125pt>
File: ./graphics/uinty.png Graphic file (type png)
<use ./graphics/uinty.png>
Package pdftex.def Info: ./graphics/uinty.png  used on input line 49.
(pdftex.def)             Requested size: 388.7012pt x 147.8621pt.
Package mdframed Info: mdframed inside float 
 mdframed uses option nobreak mdframed on input line 51.
Package mdframed Info: mdframed inside a box 
 mdframed uses option nobreak mdframed on input line 51.
 [12.23pdfTeX warning (ext4): destination with the same identifier (name{figure
.1}) has been already used, duplicate ignored
<argument> ...shipout:D \box_use:N \l_shipout_box 
                                                  
l.52 
      <./graphics/float.png>]
Package mdframed Info: mdframed detected package amsthm 
changed the theorem header of amsthm
(mdframed)              on input line 58.
<./graphics/inty.png, id=767, 788.9475pt x 300.12125pt>
File: ./graphics/inty.png Graphic file (type png)
<use ./graphics/inty.png>
Package pdftex.def Info: ./graphics/inty.png  used on input line 60.
(pdftex.def)             Requested size: 388.7012pt x 147.8621pt.
Package mdframed Info: mdframed inside float 
 mdframed uses option nobreak mdframed on input line 62.
Package mdframed Info: mdframed inside a box 
 mdframed uses option nobreak mdframed on input line 62.
 [13.24pdfTeX warning (ext4): destination with the same identifier (name{figure
.2}) has been already used, duplicate ignored
<argument> ...shipout:D \box_use:N \l_shipout_box 
                                                  
l.66 \subsubsection
                   {Racionln sla}pdfTeX warning (ext4): destination wit
h the same identifier (name{figure.3}) has been already used, duplicate ignored

<argument> ...shipout:D \box_use:N \l_shipout_box 
                                                  
l.66 \subsubsection
                   {Racionln sla} <./graphics/uinty.png> <./graphics/in
ty.png>]
Package mdframed Info: mdframed detected package amsthm 
changed the theorem header of amsthm
(mdframed)              on input line 69.
<./graphics/floaty.png, id=776, 788.9475pt x 282.05376pt>
File: ./graphics/floaty.png Graphic file (type png)
<use ./graphics/floaty.png>
Package pdftex.def Info: ./graphics/floaty.png  used on input line 71.
(pdftex.def)             Requested size: 388.7012pt x 138.96071pt.
Package mdframed Info: mdframed inside float 
 mdframed uses option nobreak mdframed on input line 73.
Package mdframed Info: mdframed inside a box 
 mdframed uses option nobreak mdframed on input line 73.
 [14.25pdfTeX warning (ext4): destination with the same identifier (name{figure
.4}) has been already used, duplicate ignored
<argument> ...shipout:D \box_use:N \l_shipout_box 
                                                  
l.81 
      <./graphics/floaty.png>] [15.26] [16.27] [17.28]

LaTeX Warning: No positions in optional float specifier.
               Default added (so using `tbp') on input line 137.

Package mdframed Info: mdframed detected package amsthm 
changed the theorem header of amsthm
(mdframed)              on input line 137.
<./graphics/mpmath.png, id=803, 788.9475pt x 462.72874pt>
File: ./graphics/mpmath.png Graphic file (type png)
<use ./graphics/mpmath.png>
Package pdftex.def Info: ./graphics/mpmath.png  used on input line 139.
(pdftex.def)             Requested size: 388.7012pt x 227.97469pt.
Package mdframed Info: mdframed inside float 
 mdframed uses option nobreak mdframed on input line 141.
Package mdframed Info: mdframed inside a box 
 mdframed uses option nobreak mdframed on input line 141.

Overfull \hbox (11.9007pt too wide) in paragraph at lines 144--145
\T1/lmr/m/n/12 struk-tu-rln al-ge-bru. Ns nej-vce za-jm st \T1/lmtt/m/n
/12 org.jscience.mathematics.number\T1/lmr/m/n/12 .
 []


LaTeX Warning: No positions in optional float specifier.
               Default added (so using `tbp') on input line 146.

Package mdframed Info: mdframed detected package amsthm 
changed the theorem header of amsthm
(mdframed)              on input line 146.
<./graphics/jscience.png, id=805, 816.04875pt x 372.39125pt>
File: ./graphics/jscience.png Graphic file (type png)
<use ./graphics/jscience.png>
Package pdftex.def Info: ./graphics/jscience.png  used on input line 148.
(pdftex.def)             Requested size: 388.7012pt x 177.37634pt.
Package mdframed Info: mdframed inside float 
 mdframed uses option nobreak mdframed on input line 150.
Package mdframed Info: mdframed inside a box 
 mdframed uses option nobreak mdframed on input line 150.
[18.29pdfTeX warning (ext4): destination with the same identifier (name{figure.
5}) has been already used, duplicate ignored
<argument> ...shipout:D \box_use:N \l_shipout_box 
                                                  
l.154 
       <./graphics/mpmath.png>]

LaTeX Warning: No positions in optional float specifier.
               Default added (so using `tbp') on input line 155.

Package mdframed Info: mdframed detected package amsthm 
changed the theorem header of amsthm
(mdframed)              on input line 155.
<./graphics/gmp.png, id=818, 788.9475pt x 589.20125pt>
File: ./graphics/gmp.png Graphic file (type png)
<use ./graphics/gmp.png>
Package pdftex.def Info: ./graphics/gmp.png  used on input line 157.
(pdftex.def)             Requested size: 388.7012pt x 290.28447pt.
Package mdframed Info: mdframed inside float 
 mdframed uses option nobreak mdframed on input line 159.
Package mdframed Info: mdframed inside a box 
 mdframed uses option nobreak mdframed on input line 159.

LaTeX Warning: No positions in optional float specifier.
               Default added (so using `tbp') on input line 163.

Package mdframed Info: mdframed detected package amsthm 
changed the theorem header of amsthm
(mdframed)              on input line 163.
<./graphics/clisp.png, id=820, 788.9475pt x 245.91875pt>
File: ./graphics/clisp.png Graphic file (type png)
<use ./graphics/clisp.png>
Package pdftex.def Info: ./graphics/clisp.png  used on input line 165.
(pdftex.def)             Requested size: 388.7012pt x 121.1579pt.
Package mdframed Info: mdframed inside float 
 mdframed uses option nobreak mdframed on input line 167.
Package mdframed Info: mdframed inside a box 
 mdframed uses option nobreak mdframed on input line 167.
[19.30pdfTeX warning (ext4): destination with the same identifier (name{figure.
6}) has been already used, duplicate ignored
<argument> ...shipout:D \box_use:N \l_shipout_box 
                                                  
l.171 
       <./graphics/jscience.png>] [20.31pdfTeX warning (ext4): destination with
 the same identifier (name{figure.7}) has been already used, duplicate ignored
<argument> ...shipout:D \box_use:N \l_shipout_box 
                                                  
l.171 
      pdfTeX warning (ext4): destination with the same identifier (name{figure.
8}) has been already used, duplicate ignored
<argument> ...shipout:D \box_use:N \l_shipout_box 
                                                  
l.171 
       <./graphics/gmp.png> <./graphics/clisp.png>]

LaTeX Warning: No positions in optional float specifier.
               Default added (so using `tbp') on input line 172.

Package mdframed Info: mdframed detected package amsthm 
changed the theorem header of amsthm
(mdframed)              on input line 172.
<./graphics/computable-reals.png, id=840, 788.9475pt x 354.32375pt>
File: ./graphics/computable-reals.png Graphic file (type png)
<use ./graphics/computable-reals.png>
Package pdftex.def Info: ./graphics/computable-reals.png  used on input line 17
4.
(pdftex.def)             Requested size: 388.7012pt x 174.5663pt.
Package mdframed Info: mdframed inside float 
 mdframed uses option nobreak mdframed on input line 176.
Package mdframed Info: mdframed inside a box 
 mdframed uses option nobreak mdframed on input line 176.
) [21.32pdfTeX warning (ext4): destination with the same identifier (name{figur
e.9}) has been already used, duplicate ignored
<argument> ...shipout:D \box_use:N \l_shipout_box 
                                                  
l.119 \mypart
             {Implementace} <./graphics/computable-reals.png>] (./tnumy.tex
Overfull \hbox (1.99338pt too wide) in paragraph at lines 6--7
[] []\T1/lmr/m/it/12 Funkci $\OMS/lmsy/m/n/12 T\OT1/lmr/m/n/12 (\OML/lmm/m/it/1
2 x; "\OT1/lmr/m/n/12 )$ \T1/lmr/m/it/12 na-z-vme tnum. Po s-te-nm do-sa-
zen za $\OML/lmm/m/it/12 x$ \T1/lmr/m/it/12 do-st-vme funkci
 []

LaTeX Font Info:    Trying to load font information for U+euf on input line 16.

(/usr/share/texlive/texmf-dist/tex/latex/amsfonts/ueuf.fd
File: ueuf.fd 2013/01/14 v3.01 Euler Fraktur
) [22.33]
Package hyperref Info: bookmark level for unknown lemma defaults to 0 on input 
line 20.
Package hyperref Info: bookmark level for unknown proof defaults to 0 on input 
line 23.
Package mdframed Info: mdframed detected package amsthm 
changed the theorem header of amsthm
(mdframed)              on input line 29.
Package hyperref Info: bookmark level for unknown lispcodethm defaults to 0 on 
input line 34.
Package mdframed Info: mdframed detected package amsthm 
changed the theorem header of amsthm
(mdframed)              on input line 47.
Package mdframed Info: mdframed detected package amsthm 
changed the theorem header of amsthm
(mdframed)              on input line 52.
 [23.34]
Package mdframed Info: Not enough space on this page on input line 57.
Package mdframed Info: mdframed detected package amsthm 
changed the theorem header of amsthm
(mdframed)              on input line 85.

[24.35]
Package mdframed Info: Not enough space on this page on input line 102.
Package hyperref Info: bookmark level for unknown theorem defaults to 0 on inpu
t line 108.
 [25.36]
Package mdframed Info: mdframed detected package amsthm 
changed the theorem header of amsthm
(mdframed)              on input line 140.
Package hyperref Info: bookmark level for unknown consequence defaults to 0 on 
input line 149.
Package mdframed Info: mdframed detected package amsthm 
changed the theorem header of amsthm
(mdframed)              on input line 158.
) [26.37] (./operace_tnumu.tex [27.38

]
Package mdframed Info: mdframed detected package amsthm 
changed the theorem header of amsthm
(mdframed)              on input line 38.
LaTeX Font Info:    Trying to load font information for TS1+lmtt on input line 
44.

(/usr/share/texmf/tex/latex/lm/ts1lmtt.fd
File: ts1lmtt.fd 2009/10/30 v1.6 Font defs for Latin Modern
)
Package mdframed Info: mdframed detected package amsthm 
changed the theorem header of amsthm
(mdframed)              on input line 59.
 [28.39]
Overfull \hbox (1.26913pt too wide) in paragraph at lines 90--91
[] []\T1/lmr/m/n/12 Vez-mme za $\OMS/lmsy/m/n/12 T[]$ \T1/lmr/m/n/12 tnum, kte
r msto $\OML/lmm/m/it/12 "$ \T1/lmr/m/n/12 do-sad $\OML/lmm/m/it/12 "[]$\T1/
lmr/m/n/12 , ne-boli $\OMS/lmsy/m/n/12 T[]\OT1/lmr/m/n/12 (\OML/lmm/m/it/12 "\O
T1/lmr/m/n/12 ) := \OMS/lmsy/m/n/12 T[]\OT1/lmr/m/n/12 (\OML/lmm/m/it/12 "[]\OT
1/lmr/m/n/12 (\OMS/lmsy/m/n/12 T[]\OML/lmm/m/it/12 ; "\OT1/lmr/m/n/12 ))$\T1/lm
r/m/n/12 .
 []

Package mdframed Info: mdframed detected package amsthm 
changed the theorem header of amsthm
(mdframed)              on input line 96.
[29.40]
Package mdframed Info: mdframed detected package amsthm 
changed the theorem header of amsthm
(mdframed)              on input line 146.
 [30.41] [31.42] [32.43]
Package mdframed Info: mdframed detected package amsthm 
changed the theorem header of amsthm
(mdframed)              on input line 260.
Package mdframed Info: mdframed detected package amsthm 
changed the theorem header of amsthm
(mdframed)              on input line 277.
 [33.44]
Package mdframed Info: mdframed detected package amsthm 
changed the theorem header of amsthm
(mdframed)              on input line 296.
) [34.45] (./funkce_tnumu.tex
Package mdframed Info: mdframed detected package amsthm 
changed the theorem header of amsthm
(mdframed)              on input line 6.
Package hyperref Info: bookmark level for unknown remind defaults to 0 on input
 line 16.
 [35.46

]
[36.47] [37.48]
Package mdframed Info: mdframed detected package amsthm 
changed the theorem header of amsthm
(mdframed)              on input line 107.
Package mdframed Info: mdframed detected package amsthm 
changed the theorem header of amsthm
(mdframed)              on input line 123.
Package mdframed Info: mdframed detected package amsthm 
changed the theorem header of amsthm
(mdframed)              on input line 139.
<graphics/exp1.pdf, id=1060, 361.35pt x 216.81pt>
File: graphics/exp1.pdf Graphic file (type pdf)
<use graphics/exp1.pdf>
Package pdftex.def Info: graphics/exp1.pdf  used on input line 141.
(pdftex.def)             Requested size: 388.7012pt x 233.22168pt.
<graphics/exp4.pdf, id=1061, 361.35pt x 216.81pt>
File: graphics/exp4.pdf Graphic file (type pdf)
<use graphics/exp4.pdf>
Package pdftex.def Info: graphics/exp4.pdf  used on input line 144.
(pdftex.def)             Requested size: 388.7012pt x 233.22168pt.
Package mdframed Info: mdframed inside float 
 mdframed uses option nobreak mdframed on input line 146.
Package mdframed Info: mdframed inside a box 
 mdframed uses option nobreak mdframed on input line 146.
 [38.49] [39.50pdfTeX warning (ext4): destination with the same identifier (nam
e{figure.10}) has been already used, duplicate ignored
<argument> ...shipout:D \box_use:N \l_shipout_box 
                                                  
l.149 
       <./graphics/exp1.pdf> <./graphics/exp4.pdf

pdfTeX warning: pdflatex (file ./graphics/exp4.pdf): PDF inclusion: multiple pd
fs with page group included in a single page
>]
Package mdframed Info: mdframed detected package amsthm 
changed the theorem header of amsthm
(mdframed)              on input line 152.
<graphics/exp2.pdf, id=1108, 361.35pt x 216.81pt>
File: graphics/exp2.pdf Graphic file (type pdf)
<use graphics/exp2.pdf>
Package pdftex.def Info: graphics/exp2.pdf  used on input line 154.
(pdftex.def)             Requested size: 388.7012pt x 233.22168pt.
<graphics/exp3.pdf, id=1109, 361.35pt x 216.81pt>
File: graphics/exp3.pdf Graphic file (type pdf)
<use graphics/exp3.pdf>
Package pdftex.def Info: graphics/exp3.pdf  used on input line 157.
(pdftex.def)             Requested size: 388.7012pt x 233.22168pt.
Package mdframed Info: mdframed inside float 
 mdframed uses option nobreak mdframed on input line 159.
Package mdframed Info: mdframed inside a box 
 mdframed uses option nobreak mdframed on input line 159.
 [40.51pdfTeX warning (ext4): destination with the same identifier (name{figure
.11}) has been already used, duplicate ignored
<argument> ...shipout:D \box_use:N \l_shipout_box 
                                                  
l.164 \end{equation}
                     <./graphics/exp2.pdf> <./graphics/exp3.pdf

pdfTeX warning: pdflatex (file ./graphics/exp3.pdf): PDF inclusion: multiple pd
fs with page group included in a single page
>]
Package mdframed Info: mdframed detected package amsthm 
changed the theorem header of amsthm
(mdframed)              on input line 167.
<graphics/exp5.pdf, id=1143, 361.35pt x 216.81pt>
File: graphics/exp5.pdf Graphic file (type pdf)
<use graphics/exp5.pdf>
Package pdftex.def Info: graphics/exp5.pdf  used on input line 169.
(pdftex.def)             Requested size: 194.3506pt x 116.60918pt.
<graphics/exp6.pdf, id=1144, 361.35pt x 216.81pt>
File: graphics/exp6.pdf Graphic file (type pdf)
<use graphics/exp6.pdf>
Package pdftex.def Info: graphics/exp6.pdf  used on input line 170.
(pdftex.def)             Requested size: 194.3506pt x 116.60918pt.

Overfull \hbox (2.61107pt too wide) in paragraph at lines 169--172
[][][] [][]
 []

Package mdframed Info: mdframed inside float 
 mdframed uses option nobreak mdframed on input line 172.
Package mdframed Info: mdframed inside a box 
 mdframed uses option nobreak mdframed on input line 172.
[41.52pdfTeX warning (ext4): destination with the same identifier (name{figure.
12}) has been already used, duplicate ignored
<argument> ...shipout:D \box_use:N \l_shipout_box 
                                                  
l.199 \begin{equation}
                      \label{eq:presprom} <./graphics/exp5.pdf> <./graphics/exp
6.pdf

pdfTeX warning: pdflatex (file ./graphics/exp6.pdf): PDF inclusion: multiple pd
fs with page group included in a single page
>]
Package mdframed Info: mdframed detected package amsthm 
changed the theorem header of amsthm
(mdframed)              on input line 235.
Package mdframed Info: Not enough space on this page on input line 249.
 [42.53]
Package mdframed Info: Not enough space on this page on input line 249.
 [43.54]
Package mdframed Info: mdframed detected package amsthm 
changed the theorem header of amsthm
(mdframed)              on input line 278.
Package mdframed Info: mdframed detected package amsthm 
changed the theorem header of amsthm
(mdframed)              on input line 306.
 [44.55]
Package mdframed Info: mdframed detected package amsthm 
changed the theorem header of amsthm
(mdframed)              on input line 332.
Package mdframed Info: mdframed detected package amsthm 
changed the theorem header of amsthm
(mdframed)              on input line 351.
Package mdframed Info: Not enough space on this page on input line 355.
 [45.56]
Package mdframed Info: Not enough space on this page on input line 355.
Package hyperref Info: bookmark level for unknown convention defaults to 0 on i
nput line 367.
Package mdframed Info: mdframed detected package amsthm 
changed the theorem header of amsthm
(mdframed)              on input line 371.
Package mdframed Info: mdframed detected package amsthm 
changed the theorem header of amsthm
(mdframed)              on input line 383.
Package mdframed Info: mdframed detected package amsthm 
changed the theorem header of amsthm
(mdframed)              on input line 393.
 [46.57]
Package mdframed Info: Not enough space on this page on input line 396.
Package mdframed Info: mdframed detected package amsthm 
changed the theorem header of amsthm
(mdframed)              on input line 403.
Package mdframed Info: mdframed detected package amsthm 
changed the theorem header of amsthm
(mdframed)              on input line 418.
 [47.58]
Package mdframed Info: mdframed detected package amsthm 
changed the theorem header of amsthm
(mdframed)              on input line 446.
Package mdframed Info: mdframed detected package amsthm 
changed the theorem header of amsthm
(mdframed)              on input line 456.
Package mdframed Info: mdframed detected package amsthm 
changed the theorem header of amsthm
(mdframed)              on input line 463.
) [48.59]
(./uzivatelske_funkce.tex
Package mdframed Info: mdframed detected package amsthm 
changed the theorem header of amsthm
(mdframed)              on input line 11.
Package mdframed Info: mdframed inside float 
 mdframed uses option nobreak mdframed on input line 31.
Package mdframed Info: mdframed inside a box 
 mdframed uses option nobreak mdframed on input line 31.

Overfull \hbox (0.70934pt too wide) in paragraph at lines 34--35
\T1/lmr/m/n/12 s tnumy nz-ko-rov-ov pra-co-vat ne-mus. Ui-va-tel-sk funk
ce -- kter stavbu tnumu
 []

Package mdframed Info: mdframed detected package amsthm 
changed the theorem header of amsthm
(mdframed)              on input line 37.
Package mdframed Info: mdframed inside float 
 mdframed uses option nobreak mdframed on input line 57.
Package mdframed Info: mdframed inside a box 
 mdframed uses option nobreak mdframed on input line 57.
[49.60] [50.61pdfTeX warning (ext4): destination with the same identifier (name
{table.3}) has been already used, duplicate ignored
<argument> ...shipout:D \box_use:N \l_shipout_box 
                                                  
l.63 
     pdfTeX warning (ext4): destination with the same identifier (name{table.4}
) has been already used, duplicate ignored
<argument> ...shipout:D \box_use:N \l_shipout_box 
                                                  
l.63 
     ]
Package mdframed Info: mdframed detected package amsthm 
changed the theorem header of amsthm
(mdframed)              on input line 71.
<./graphics/loading.png, id=1301, 788.9475pt x 426.59375pt>
File: ./graphics/loading.png Graphic file (type png)
<use ./graphics/loading.png>
Package pdftex.def Info: ./graphics/loading.png  used on input line 73.
(pdftex.def)             Requested size: 388.7012pt x 210.17189pt.
Package mdframed Info: mdframed inside float 
 mdframed uses option nobreak mdframed on input line 75.
Package mdframed Info: mdframed inside a box 
 mdframed uses option nobreak mdframed on input line 75.
Package mdframed Info: mdframed detected package amsthm 
changed the theorem header of amsthm
(mdframed)              on input line 80.
 [51.62pdfTeX warning (ext4): destination with the same identifier (name{figure
.13}) has been already used, duplicate ignored
<argument> ...shipout:D \box_use:N \l_shipout_box 
                                                  
l.83 \end{lisptest}
                    <./graphics/loading.png>]
Package mdframed Info: Not enough space on this page on input line 83.
Package hyperref Info: bookmark level for unknown lispcodetest defaults to 0 on
 input line 83.
Package mdframed Info: mdframed detected package amsthm 
changed the theorem header of amsthm
(mdframed)              on input line 87.
Package mdframed Info: mdframed detected package amsthm 
changed the theorem header of amsthm
(mdframed)              on input line 94.
Package mdframed Info: mdframed detected package amsthm 
changed the theorem header of amsthm
(mdframed)              on input line 103.
Package mdframed Info: mdframed detected package amsthm 
changed the theorem header of amsthm
(mdframed)              on input line 121.
 [52.63]
Package mdframed Info: Not enough space on this page on input line 124.
Package mdframed Info: mdframed detected package amsthm 
changed the theorem header of amsthm
(mdframed)              on input line 128.
Package mdframed Info: mdframed detected package amsthm 
changed the theorem header of amsthm
(mdframed)              on input line 140.
Package mdframed Info: mdframed detected package amsthm 
changed the theorem header of amsthm
(mdframed)              on input line 147.
Package mdframed Info: mdframed detected package amsthm 
changed the theorem header of amsthm
(mdframed)              on input line 154.
 [53.64]
Package mdframed Info: mdframed detected package amsthm 
changed the theorem header of amsthm
(mdframed)              on input line 170.
Package mdframed Info: mdframed detected package amsthm 
changed the theorem header of amsthm
(mdframed)              on input line 177.
Package mdframed Info: mdframed detected package amsthm 
changed the theorem header of amsthm
(mdframed)              on input line 196.
 [54.65]
Package mdframed Info: mdframed detected package amsthm 
changed the theorem header of amsthm
(mdframed)              on input line 203.
Package mdframed Info: mdframed detected package amsthm 
changed the theorem header of amsthm
(mdframed)              on input line 210.
Package mdframed Info: mdframed detected package amsthm 
changed the theorem header of amsthm
(mdframed)              on input line 224.

Underfull \hbox (badness 1122) in paragraph at lines 230--230
[]|\T1/lmr/m/n/12 Doba vy-hod-
 []


Overfull \hbox (23.55132pt too wide) in paragraph at lines 228--238
 [] 
 []

Package mdframed Info: mdframed inside float 
 mdframed uses option nobreak mdframed on input line 240.
Package mdframed Info: mdframed inside a box 
 mdframed uses option nobreak mdframed on input line 240.
Package mdframed Info: mdframed detected package amsthm 
changed the theorem header of amsthm
(mdframed)              on input line 247.

Underfull \hbox (badness 6808) in paragraph at lines 254--255
[]|\T1/lmr/m/n/12 pevod \T1/lmtt/m/n/12 tnum\T1/lmr/m/n/12 u na slo
 []


Underfull \hbox (badness 1067) in paragraph at lines 255--255
\T1/lmr/m/n/12 e-t-zec o \T1/lmtt/m/n/12 count \T1/lmr/m/n/12 de-se-tin-
 []


Underfull \hbox (badness 10000) in paragraph at lines 272--273
[]|\T1/lmr/m/n/12 pirozen lo-ga-rit-mus
 []

Package mdframed Info: mdframed inside float 
 mdframed uses option nobreak mdframed on input line 283.
Package mdframed Info: mdframed inside a box 
 mdframed uses option nobreak mdframed on input line 283.
[55.66pdfTeX warning (ext4): destination with the same identifier (name{table.5
}) has been already used, duplicate ignored
<argument> ...shipout:D \box_use:N \l_shipout_box 
                                                  
l.284 \end{table}
                 ]) [56.67pdfTeX warning (ext4): destination with the same iden
tifier (name{table.6}) has been already used, duplicate ignored
<argument> ...shipout:D \box_use:N \l_shipout_box 
                                                  
l.133 \clearpage
                ] (./perspektiva.tex
Package mdframed Info: mdframed detected package amsthm 
changed the theorem header of amsthm
(mdframed)              on input line 11.
Package mdframed Info: mdframed detected package amsthm 
changed the theorem header of amsthm
(mdframed)              on input line 20.
 [57.68

]
Package mdframed Info: mdframed detected package amsthm 
changed the theorem header of amsthm
(mdframed)              on input line 53.
Package mdframed Info: mdframed detected package amsthm 
changed the theorem header of amsthm
(mdframed)              on input line 61.
Package mdframed Info: mdframed detected package amsthm 
changed the theorem header of amsthm
(mdframed)              on input line 68.
Package mdframed Info: Not enough space on this page on input line 72.
 [58.69]
Package mdframed Info: Not enough space on this page on input line 72.
Package mdframed Info: mdframed detected package amsthm 
changed the theorem header of amsthm
(mdframed)              on input line 76.
Package mdframed Info: mdframed detected package amsthm 
changed the theorem header of amsthm
(mdframed)              on input line 88.
Package mdframed Info: mdframed detected package amsthm 
changed the theorem header of amsthm
(mdframed)              on input line 95.
 [59.70]
Package mdframed Info: mdframed detected package amsthm 
changed the theorem header of amsthm
(mdframed)              on input line 104.
Package mdframed Info: mdframed detected package amsthm 
changed the theorem header of amsthm
(mdframed)              on input line 115.
 [60.71] [61.72]
[62.73] [63.74] [64.75] [65.76]) [66.77] [67.78

] [68.79

]

Package biblatex Warning: '\mainlang' is deprecated in favour of
(biblatex)                '\textmainlang'.
(biblatex)                Please consider using the new command,
(biblatex)                but note that the syntax is different.
(biblatex)                Using the old, problematic definition.


Overfull \hbox (25.55797pt too wide) in paragraph at lines 157--157
[]\T1/lmr/m/n/12 SPIVAK, Mi-chael. 3. vyd. Hous-ton: Pu-b-lish or Pe-rish, 2006
. \T1/lmr/m/sc/12 isbn \T1/lmr/m/n/12 9780521867443. 
 []


Overfull \hbox (40.58307pt too wide) in paragraph at lines 157--157
\T1/lmr/m/n/12 z[]: $\OMS/lmsy/m/n/12 h$[][][][]$\T1/lmtt/m/n/12 http : / / www
 . rotarysaluzzo . it / Z _ Vecchio _ Sito / filePDF / Iperoperazioni %
 []

[69.80

]
Overfull \hbox (5.98486pt too wide) in paragraph at lines 157--157
\T1/lmr/m/n/12 z[][]: $\OMS/lmsy/m/n/12 h$[][][][]$\T1/lmtt/m/n/12 https : / / 
en . wikipedia . org / w / index . php ? title = Single -[] precision _
 []


Overfull \hbox (0.55191pt too wide) in paragraph at lines 157--157
[]\T1/lmr/m/n/12 PISPVATEL WIKIPEDIE. \T1/lmr/m/it/12 Long dou-ble[] []\T1/l
mr/m/n/12 [on-line][][]. Wikipedie: Oteven
 []


Overfull \hbox (2.32634pt too wide) in paragraph at lines 157--157
\T1/lmr/m/n/12 en-cyk-lo-pe-die, 2021 [[][]cit.[] []2021-03-18]. [][]Do-stupn 
z[][]: $\OMS/lmsy/m/n/12 h$[][][][]$\T1/lmtt/m/n/12 https : / / en . wikipedia 
.
 []


Overfull \hbox (8.39725pt too wide) in paragraph at lines 157--157
[]\T1/lmr/m/n/12 JOHANSSON, Fredrik a kol. \T1/lmr/m/it/12 mp-math: a Py-thon l
ib-rary for arbitrary-precision
 []


Overfull \hbox (19.40715pt too wide) in paragraph at lines 157--157
[]\T1/lmr/m/n/12 STOLL, Mi-chael. \T1/lmr/m/it/12 computable-reals: Ar-bit-rary
 pre-ci-sion, au-to-ma-tic re-computing
 []

[70.81] [71.82] (./dukazy.tex [72.83

]) [73.84] (./obsah.tex
LaTeX Font Info:    Font shape `T1/lmtt/bx/n' in size <12> not available
(Font)              Font shape `T1/lmtt/b/n' tried instead on input line 6.

Overfull \hbox (14.8041pt too wide) in paragraph at lines 13--15
\T1/lmr/m/n/12 pro-gra-mo-vali. Na-t sou-bory \T1/lmtt/m/n/12 src/tnums.lisp
 \T1/lmr/m/n/12 a \T1/lmtt/m/n/12 src/user-functions.lisp\T1/lmr/m/n/12 . 
 []


Overfull \hbox (3.42767pt too wide) in paragraph at lines 20--21
[]\T1/lmtt/m/n/12 user-function.lisp \T1/lmr/m/n/12 -- roz--en knihovny o v
-dom ui-va-tel-sk funkce
 []

) [74.85

]
\tf@loe=\write9
\openout9 = `bak.loe'.

 (./bak.aux)

LaTeX Warning: There were undefined references.


Package biblatex Warning: Please (re)run Biber on the file:
(biblatex)                bak
(biblatex)                and rerun LaTeX afterwards.

Package logreq Info: Writing requests to 'bak.run.xml'.
\openout1 = `bak.run.xml'.

 ) 
Here is how much of TeX's memory you used:
 35845 strings out of 479304
 641542 string characters out of 5869779
 1388040 words of memory out of 5000000
 51652 multiletter control sequences out of 15000+600000
 526141 words of font info for 123 fonts, out of 8000000 for 9000
 1141 hyphenation exceptions out of 8191
 102i,22n,103p,1410b,4946s stack positions out of 5000i,500n,10000p,200000b,80000s
{/usr/share/texmf/fonts/enc/dvips/lm/lm-ec.enc}{/usr/share/texmf/fonts/enc/dv
ips/lm/lm-ts1.enc}{/usr/share/texmf/fonts/enc/dvips/lm/lm-rm.enc}{/usr/share/te
xmf/fonts/enc/dvips/lm/lm-mathit.enc}{/usr/share/texmf/fonts/enc/dvips/lm/lm-ma
thex.enc}{/usr/share/texmf/fonts/enc/dvips/lm/lm-mathsy.enc}</usr/share/texlive
/texmf-dist/fonts/type1/public/amsfonts/euler/eufm10.pfb></usr/share/texmf/font
s/type1/public/lm/lmbx10.pfb></usr/share/texmf/fonts/type1/public/lm/lmbx12.pfb
></usr/share/texmf/fonts/type1/public/lm/lmcsc10.pfb></usr/share/texmf/fonts/ty
pe1/public/lm/lmex10.pfb></usr/share/texmf/fonts/type1/public/lm/lmmi12.pfb></u
sr/share/texmf/fonts/type1/public/lm/lmmi6.pfb></usr/share/texmf/fonts/type1/pu
blic/lm/lmmi8.pfb></usr/share/texmf/fonts/type1/public/lm/lmr10.pfb></usr/share
/texmf/fonts/type1/public/lm/lmr12.pfb></usr/share/texmf/fonts/type1/public/lm/
lmr17.pfb></usr/share/texmf/fonts/type1/public/lm/lmr6.pfb></usr/share/texmf/fo
nts/type1/public/lm/lmr8.pfb></usr/share/texmf/fonts/type1/public/lm/lmri12.pfb
></usr/share/texmf/fonts/type1/public/lm/lmsy10.pfb></usr/share/texmf/fonts/typ
e1/public/lm/lmsy6.pfb></usr/share/texmf/fonts/type1/public/lm/lmsy8.pfb></usr/
share/texmf/fonts/type1/public/lm/lmtk10.pfb></usr/share/texmf/fonts/type1/publ
ic/lm/lmtt12.pfb></usr/share/texmf/fonts/type1/public/lm/lmtt8.pfb></usr/share/
texlive/texmf-dist/fonts/type1/public/amsfonts/symbols/msam10.pfb></usr/share/t
exlive/texmf-dist/fonts/type1/public/amsfonts/symbols/msbm10.pfb>
Output written on bak.pdf (85 pages, 1156380 bytes).
PDF statistics:
 2054 PDF objects out of 2073 (max. 8388607)
 1871 compressed objects within 19 object streams
 643 named destinations out of 1000 (max. 500000)
 767 words of extra memory for PDF output out of 10000 (max. 10000000)

